2024-02-02 23:31:19.334 [info] Reading sessions from keychain...
2024-02-02 23:31:19.334 [info] Getting sessions for all scopes...
2024-02-02 23:31:19.334 [info] Got 0 sessions for ...
2024-02-02 23:31:19.334 [info] Getting sessions for user:email...
2024-02-02 23:31:19.334 [info] Got 0 sessions for user:email...
2024-02-02 23:31:19.349 [info] Getting sessions for all scopes...
2024-02-02 23:31:19.349 [info] Got 0 sessions for ...
2024-02-02 23:31:33.678 [info] Reading sessions from keychain...
2024-02-02 23:31:33.678 [info] Getting sessions for all scopes...
2024-02-02 23:31:33.679 [info] Getting sessions for user:email...
2024-02-02 23:31:33.772 [info] Got 0 sessions for ...
2024-02-02 23:31:33.773 [info] Got 0 sessions for user:email...
2024-02-02 23:31:33.916 [info] Getting sessions for all scopes...
2024-02-02 23:31:33.916 [info] Got 0 sessions for ...
2024-02-02 23:32:00.456 [info] Reading sessions from keychain...
2024-02-02 23:32:00.456 [info] Getting sessions for all scopes...
2024-02-02 23:32:00.456 [info] Getting sessions for user:email...
2024-02-02 23:32:00.456 [info] Got 0 sessions for ...
2024-02-02 23:32:00.456 [info] Got 0 sessions for user:email...
2024-02-02 23:32:00.543 [info] Getting sessions for all scopes...
2024-02-02 23:32:00.543 [info] Got 0 sessions for ...
