2024-02-02 23:31:18.359 [info] Added views:workbench.panel.output in workbench.panel.output
2024-02-02 23:31:18.360 [info] Added views:terminal in terminal
2024-02-02 23:31:18.360 [info] Added views:workbench.panel.markers.view in terminal
2024-02-02 23:31:18.360 [info] Added views:outline in workbench.view.explorer
2024-02-02 23:31:18.360 [info] Added views:workbench.scm in workbench.view.scm
2024-02-02 23:31:18.360 [info] Added views:workbench.view.search in workbench.view.search
2024-02-02 23:31:18.360 [info] Added views:timeline in workbench.view.explorer
2024-02-02 23:31:18.360 [info] Added views:workbench.explorer.fileView in workbench.view.explorer
2024-02-02 23:31:18.472 [info] Added views:workbench.debug.welcome in workbench.view.debug
2024-02-02 23:31:18.614 [info] Added views:gitlens.views.home,gitlens.views.drafts,gitlens.views.workspaces,gitlens.views.account in workbench.view.extension.gitlens
2024-02-02 23:31:18.614 [info] Added views:gitlens.views.commitDetails,gitlens.views.lineHistory,gitlens.views.fileHistory,gitlens.views.searchAndCompare in workbench.view.extension.gitlensInspect
2024-02-02 23:31:18.619 [info] Added views:gitlens.views.commits,gitlens.views.branches,gitlens.views.remotes,gitlens.views.stashes,gitlens.views.tags in workbench.view.scm
2024-02-02 23:31:18.620 [info] Added views:dockerContainers,dockerImages,dockerRegistries,dockerNetworks,dockerVolumes,vscode-docker.views.dockerContexts,vscode-docker.views.help in workbench.view.extension.dockerView
2024-02-02 23:31:18.775 [info] Added views:workbench.panel.repl.view in workbench.panel.repl
2024-02-02 23:31:18.972 [info] Added views:~remote.forwardedPorts in ~remote.forwardedPortsContainer
2024-02-02 23:31:19.241 [info] Removed views:gitlens.views.searchAndCompare,gitlens.views.fileHistory,gitlens.views.lineHistory,gitlens.views.commitDetails from workbench.view.extension.gitlensInspect
2024-02-02 23:31:19.242 [info] Removed views:gitlens.views.tags,gitlens.views.stashes,gitlens.views.remotes,gitlens.views.branches,gitlens.views.commits from workbench.view.scm
2024-02-02 23:31:33.123 [info] Added views:workbench.panel.output in workbench.panel.output
2024-02-02 23:31:33.124 [info] Added views:terminal in terminal
2024-02-02 23:31:33.124 [info] Added views:workbench.panel.markers.view in terminal
2024-02-02 23:31:33.124 [info] Added views:outline in workbench.view.explorer
2024-02-02 23:31:33.124 [info] Added views:workbench.scm in workbench.view.scm
2024-02-02 23:31:33.124 [info] Added views:workbench.view.search in workbench.view.search
2024-02-02 23:31:33.124 [info] Added views:timeline in workbench.view.explorer
2024-02-02 23:31:33.124 [info] Added views:workbench.explorer.fileView in workbench.view.explorer
2024-02-02 23:31:33.255 [info] Added views:gitlens.views.home,gitlens.views.drafts,gitlens.views.workspaces,gitlens.views.account in workbench.view.extension.gitlens
2024-02-02 23:31:33.255 [info] Added views:gitlens.views.commitDetails,gitlens.views.lineHistory,gitlens.views.fileHistory,gitlens.views.searchAndCompare in workbench.view.extension.gitlensInspect
2024-02-02 23:31:33.256 [info] Added views:gitlens.views.commits,gitlens.views.branches,gitlens.views.remotes,gitlens.views.stashes,gitlens.views.tags in workbench.view.scm
2024-02-02 23:31:33.257 [info] Added views:dockerContainers,dockerImages,dockerRegistries,dockerNetworks,dockerVolumes,vscode-docker.views.dockerContexts,vscode-docker.views.help in workbench.view.extension.dockerView
2024-02-02 23:31:33.437 [info] Added views:workbench.debug.variablesView,workbench.debug.watchExpressionsView,workbench.debug.callStackView,workbench.debug.breakPointsView in workbench.view.debug
2024-02-02 23:31:33.448 [info] Added views:workbench.panel.repl.view in workbench.panel.repl
2024-02-02 23:31:33.449 [info] Removed views:workbench.debug.breakPointsView,workbench.debug.callStackView,workbench.debug.watchExpressionsView,workbench.debug.variablesView from workbench.view.debug
2024-02-02 23:31:33.449 [info] Added views:workbench.debug.welcome in workbench.view.debug
2024-02-02 23:31:33.484 [info] Added views:~remote.forwardedPorts in ~remote.forwardedPortsContainer
2024-02-02 23:31:33.790 [info] Removed views:gitlens.views.searchAndCompare,gitlens.views.fileHistory,gitlens.views.lineHistory,gitlens.views.commitDetails from workbench.view.extension.gitlensInspect
2024-02-02 23:31:33.791 [info] Removed views:gitlens.views.tags,gitlens.views.stashes,gitlens.views.remotes,gitlens.views.branches,gitlens.views.commits from workbench.view.scm
2024-02-02 23:31:59.699 [info] Added views:workbench.panel.output in workbench.panel.output
2024-02-02 23:31:59.699 [info] Added views:terminal in terminal
2024-02-02 23:31:59.699 [info] Added views:workbench.panel.markers.view in terminal
2024-02-02 23:31:59.699 [info] Added views:outline in workbench.view.explorer
2024-02-02 23:31:59.699 [info] Added views:workbench.scm in workbench.view.scm
2024-02-02 23:31:59.699 [info] Added views:workbench.view.search in workbench.view.search
2024-02-02 23:31:59.699 [info] Added views:timeline in workbench.view.explorer
2024-02-02 23:31:59.699 [info] Added views:workbench.explorer.fileView in workbench.view.explorer
2024-02-02 23:31:59.701 [info] Added views:workbench.debug.welcome in workbench.view.debug
2024-02-02 23:31:59.809 [info] Added views:gitlens.views.home,gitlens.views.drafts,gitlens.views.workspaces,gitlens.views.account in workbench.view.extension.gitlens
2024-02-02 23:31:59.809 [info] Added views:gitlens.views.commitDetails,gitlens.views.lineHistory,gitlens.views.fileHistory,gitlens.views.searchAndCompare in workbench.view.extension.gitlensInspect
2024-02-02 23:31:59.810 [info] Added views:gitlens.views.commits,gitlens.views.branches,gitlens.views.remotes,gitlens.views.stashes,gitlens.views.tags in workbench.view.scm
2024-02-02 23:31:59.810 [info] Added views:dockerContainers,dockerImages,dockerRegistries,dockerNetworks,dockerVolumes,vscode-docker.views.dockerContexts,vscode-docker.views.help in workbench.view.extension.dockerView
2024-02-02 23:31:59.999 [info] Added views:workbench.panel.repl.view in workbench.panel.repl
2024-02-02 23:32:00.138 [info] Added views:~remote.forwardedPorts in ~remote.forwardedPortsContainer
2024-02-02 23:32:00.364 [info] Removed views:gitlens.views.searchAndCompare,gitlens.views.fileHistory,gitlens.views.lineHistory,gitlens.views.commitDetails from workbench.view.extension.gitlensInspect
2024-02-02 23:32:00.365 [info] Removed views:gitlens.views.tags,gitlens.views.stashes,gitlens.views.remotes,gitlens.views.branches,gitlens.views.commits from workbench.view.scm
