2024-02-02 23:30:35.839 [info] Extension host with pid 10747 started
2024-02-02 23:30:35.839 [info] Skipping acquiring lock for /home/tjr/.config/Code/User/workspaceStorage/7d40ea0d8a58d04cde12709918ede065.
2024-02-02 23:30:35.938 [info] ExtensionService#_doActivateExtension vscode.emmet, startup: false, activationEvent: 'onLanguage'
2024-02-02 23:30:35.992 [info] ExtensionService#_doActivateExtension vscode.git-base, startup: true, activationEvent: '*', root cause: vscode.git
2024-02-02 23:30:35.994 [info] ExtensionService#_doActivateExtension formulahendry.auto-close-tag, startup: true, activationEvent: '*'
2024-02-02 23:30:35.995 [info] ExtensionService#_doActivateExtension formulahendry.auto-rename-tag, startup: true, activationEvent: '*'
2024-02-02 23:30:36.004 [info] ExtensionService#_doActivateExtension icrawl.discord-vscode, startup: true, activationEvent: '*'
2024-02-02 23:30:36.011 [info] ExtensionService#_doActivateExtension kamikillerto.vscode-colorize, startup: true, activationEvent: '*'
2024-02-02 23:30:36.026 [info] ExtensionService#_doActivateExtension WakaTime.vscode-wakatime, startup: true, activationEvent: '*'
2024-02-02 23:30:36.069 [info] ExtensionService#_doActivateExtension vscode.git, startup: true, activationEvent: '*'
2024-02-02 23:30:36.081 [info] ExtensionService#_doActivateExtension vscode.github, startup: true, activationEvent: '*'
2024-02-02 23:30:36.181 [info] Eager extensions activated
2024-02-02 23:30:36.227 [info] ExtensionService#_doActivateExtension vscode.debug-auto-launch, startup: false, activationEvent: 'onStartupFinished'
2024-02-02 23:30:36.229 [info] ExtensionService#_doActivateExtension vscode.merge-conflict, startup: false, activationEvent: 'onStartupFinished'
2024-02-02 23:30:36.235 [info] ExtensionService#_doActivateExtension eamodio.gitlens, startup: false, activationEvent: 'onStartupFinished'
2024-02-02 23:30:36.261 [info] ExtensionService#_doActivateExtension ecmel.vscode-html-css, startup: false, activationEvent: 'onStartupFinished'
2024-02-02 23:30:36.262 [info] ExtensionService#_doActivateExtension esbenp.prettier-vscode, startup: false, activationEvent: 'onStartupFinished'
2024-02-02 23:30:36.279 [info] ExtensionService#_doActivateExtension formulahendry.code-runner, startup: false, activationEvent: 'onStartupFinished'
2024-02-02 23:30:36.288 [info] ExtensionService#_doActivateExtension hoovercj.vscode-power-mode, startup: false, activationEvent: 'onStartupFinished'
2024-02-02 23:30:36.295 [info] ExtensionService#_doActivateExtension PKief.material-icon-theme, startup: false, activationEvent: 'onStartupFinished'
2024-02-02 23:30:36.298 [info] ExtensionService#_doActivateExtension ritwickdey.LiveServer, startup: false, activationEvent: 'onStartupFinished'
2024-02-02 23:30:36.301 [info] ExtensionService#_doActivateExtension streetsidesoftware.code-spell-checker, startup: false, activationEvent: 'onStartupFinished'
2024-02-02 23:30:36.320 [info] ExtensionService#_doActivateExtension zhuangtongfa.material-theme, startup: false, activationEvent: 'onStartupFinished'
2024-02-02 23:30:36.515 [info] ExtensionService#_doActivateExtension vscode.github-authentication, startup: false, activationEvent: 'onAuthenticationRequest:github'
2024-02-02 23:30:37.110 [error] TypeError: Cannot read properties of null (reading 'write')
    at IPCTransport.send (/home/tjr/.vscode/extensions/icrawl.discord-vscode-5.8.0/dist/extension.js:2:24881)
    at /home/tjr/.vscode/extensions/icrawl.discord-vscode-5.8.0/dist/extension.js:2:24968
    at new Promise (<anonymous>)
    at IPCTransport.close (/home/tjr/.vscode/extensions/icrawl.discord-vscode-5.8.0/dist/extension.js:2:24925)
    at RPCClient.destroy (/home/tjr/.vscode/extensions/icrawl.discord-vscode-5.8.0/dist/extension.js:2:18626)
    at login (/home/tjr/.vscode/extensions/icrawl.discord-vscode-5.8.0/dist/extension.js:2:149260)
    at processTicksAndRejections (node:internal/process/task_queues:95:5)
    at activate (/home/tjr/.vscode/extensions/icrawl.discord-vscode-5.8.0/dist/extension.js:2:151363)
    at u.n (/opt/visual-studio-code/resources/app/out/vs/workbench/api/node/extensionHostProcess.js:140:6255)
    at u.m (/opt/visual-studio-code/resources/app/out/vs/workbench/api/node/extensionHostProcess.js:140:6218)
    at u.l (/opt/visual-studio-code/resources/app/out/vs/workbench/api/node/extensionHostProcess.js:140:5675)
2024-02-02 23:30:58.271 [info] Extension host terminating: renderer closed the MessagePort
2024-02-02 23:30:58.290 [error] Canceled: Canceled
    at new g (/opt/visual-studio-code/resources/app/out/vs/workbench/api/node/extensionHostProcess.js:141:110274)
    at l.U (/opt/visual-studio-code/resources/app/out/vs/workbench/api/node/extensionHostProcess.js:150:10866)
    at Proxy.P.<computed>.j.charCodeAt.P.<computed> (/opt/visual-studio-code/resources/app/out/vs/workbench/api/node/extensionHostProcess.js:150:8317)
    at d.g (/opt/visual-studio-code/resources/app/out/vs/workbench/api/node/extensionHostProcess.js:141:139555)
    at d.executeCommand (/opt/visual-studio-code/resources/app/out/vs/workbench/api/node/extensionHostProcess.js:141:138993)
    at p.registerCommand.description (/opt/visual-studio-code/resources/app/out/vs/workbench/api/node/extensionHostProcess.js:141:138317)
    at d.h (/opt/visual-studio-code/resources/app/out/vs/workbench/api/node/extensionHostProcess.js:141:140094)
    at d.g (/opt/visual-studio-code/resources/app/out/vs/workbench/api/node/extensionHostProcess.js:141:139086)
    at d.executeCommand (/opt/visual-studio-code/resources/app/out/vs/workbench/api/node/extensionHostProcess.js:141:138993)
    at Object.executeCommand (/opt/visual-studio-code/resources/app/out/vs/workbench/api/node/extensionHostProcess.js:158:21333)
    at w (/home/tjr/.vscode/extensions/eamodio.gitlens-14.7.0/dist/gitlens.js:1077:40655)
    at h (/home/tjr/.vscode/extensions/eamodio.gitlens-14.7.0/dist/gitlens.js:1077:45702)
    at ActionRunners._updateContextKeys (/home/tjr/.vscode/extensions/eamodio.gitlens-14.7.0/dist/gitlens.js:663:17573)
    at s (/home/tjr/.vscode/extensions/eamodio.gitlens-14.7.0/dist/gitlens.js:663:16017)
    at RegisteredActionRunner.unregister (/home/tjr/.vscode/extensions/eamodio.gitlens-14.7.0/dist/gitlens.js:663:16160)
    at RegisteredActionRunner.dispose (/home/tjr/.vscode/extensions/eamodio.gitlens-14.7.0/dist/gitlens.js:663:14813)
    at ActionRunners.dispose (/home/tjr/.vscode/extensions/eamodio.gitlens-14.7.0/dist/gitlens.js:663:15600)
    at /home/tjr/.vscode/extensions/eamodio.gitlens-14.7.0/dist/gitlens.js:1037:19287
    at Array.forEach (<anonymous>)
    at Object.dispose (/home/tjr/.vscode/extensions/eamodio.gitlens-14.7.0/dist/gitlens.js:1037:19269)
    at s (/opt/visual-studio-code/resources/app/out/vs/workbench/api/node/extensionHostProcess.js:30:754)
    at f.cb (/opt/visual-studio-code/resources/app/out/vs/workbench/api/node/extensionHostProcess.js:154:9873)
    at /opt/visual-studio-code/resources/app/out/vs/workbench/api/node/extensionHostProcess.js:154:7808
    at Array.map (<anonymous>)
    at f.Y (/opt/visual-studio-code/resources/app/out/vs/workbench/api/node/extensionHostProcess.js:154:7795)
    at f.terminate (/opt/visual-studio-code/resources/app/out/vs/workbench/api/node/extensionHostProcess.js:154:8068)
    at s.terminate (/opt/visual-studio-code/resources/app/out/vs/workbench/api/node/extensionHostProcess.js:158:1513)
    at a (/opt/visual-studio-code/resources/app/out/vs/workbench/api/node/extensionHostProcess.js:171:9802)
    at MessagePortMain.<anonymous> (/opt/visual-studio-code/resources/app/out/vs/workbench/api/node/extensionHostProcess.js:171:6227)
    at MessagePortMain.emit (node:events:513:28)
    at Object.MessagePortMain._internalPort.emit (node:electron/js2c/utility_init:2:367) setContext undefined
2024-02-02 23:30:58.290 [error] Canceled: Canceled
    at new g (/opt/visual-studio-code/resources/app/out/vs/workbench/api/node/extensionHostProcess.js:141:110274)
    at l.U (/opt/visual-studio-code/resources/app/out/vs/workbench/api/node/extensionHostProcess.js:150:10866)
    at Proxy.P.<computed>.j.charCodeAt.P.<computed> (/opt/visual-studio-code/resources/app/out/vs/workbench/api/node/extensionHostProcess.js:150:8317)
    at d.g (/opt/visual-studio-code/resources/app/out/vs/workbench/api/node/extensionHostProcess.js:141:139555)
    at d.executeCommand (/opt/visual-studio-code/resources/app/out/vs/workbench/api/node/extensionHostProcess.js:141:138993)
    at p.registerCommand.description (/opt/visual-studio-code/resources/app/out/vs/workbench/api/node/extensionHostProcess.js:141:138317)
    at d.h (/opt/visual-studio-code/resources/app/out/vs/workbench/api/node/extensionHostProcess.js:141:140094)
    at d.g (/opt/visual-studio-code/resources/app/out/vs/workbench/api/node/extensionHostProcess.js:141:139086)
    at d.executeCommand (/opt/visual-studio-code/resources/app/out/vs/workbench/api/node/extensionHostProcess.js:141:138993)
    at Object.executeCommand (/opt/visual-studio-code/resources/app/out/vs/workbench/api/node/extensionHostProcess.js:158:21333)
    at w (/home/tjr/.vscode/extensions/eamodio.gitlens-14.7.0/dist/gitlens.js:1077:40655)
    at h (/home/tjr/.vscode/extensions/eamodio.gitlens-14.7.0/dist/gitlens.js:1077:45702)
    at ActionRunners._updateContextKeys (/home/tjr/.vscode/extensions/eamodio.gitlens-14.7.0/dist/gitlens.js:663:17573)
    at s (/home/tjr/.vscode/extensions/eamodio.gitlens-14.7.0/dist/gitlens.js:663:16017)
    at RegisteredActionRunner.unregister (/home/tjr/.vscode/extensions/eamodio.gitlens-14.7.0/dist/gitlens.js:663:16160)
    at RegisteredActionRunner.dispose (/home/tjr/.vscode/extensions/eamodio.gitlens-14.7.0/dist/gitlens.js:663:14813)
    at ActionRunners.dispose (/home/tjr/.vscode/extensions/eamodio.gitlens-14.7.0/dist/gitlens.js:663:15600)
    at /home/tjr/.vscode/extensions/eamodio.gitlens-14.7.0/dist/gitlens.js:1037:19287
    at Array.forEach (<anonymous>)
    at Object.dispose (/home/tjr/.vscode/extensions/eamodio.gitlens-14.7.0/dist/gitlens.js:1037:19269)
    at s (/opt/visual-studio-code/resources/app/out/vs/workbench/api/node/extensionHostProcess.js:30:754)
    at f.cb (/opt/visual-studio-code/resources/app/out/vs/workbench/api/node/extensionHostProcess.js:154:9873)
    at /opt/visual-studio-code/resources/app/out/vs/workbench/api/node/extensionHostProcess.js:154:7808
    at Array.map (<anonymous>)
    at f.Y (/opt/visual-studio-code/resources/app/out/vs/workbench/api/node/extensionHostProcess.js:154:7795)
    at f.terminate (/opt/visual-studio-code/resources/app/out/vs/workbench/api/node/extensionHostProcess.js:154:8068)
    at s.terminate (/opt/visual-studio-code/resources/app/out/vs/workbench/api/node/extensionHostProcess.js:158:1513)
    at a (/opt/visual-studio-code/resources/app/out/vs/workbench/api/node/extensionHostProcess.js:171:9802)
    at MessagePortMain.<anonymous> (/opt/visual-studio-code/resources/app/out/vs/workbench/api/node/extensionHostProcess.js:171:6227)
    at MessagePortMain.emit (node:events:513:28)
    at Object.MessagePortMain._internalPort.emit (node:electron/js2c/utility_init:2:367) setContext undefined
2024-02-02 23:30:58.290 [error] Canceled: Canceled
    at new g (/opt/visual-studio-code/resources/app/out/vs/workbench/api/node/extensionHostProcess.js:141:110274)
    at l.U (/opt/visual-studio-code/resources/app/out/vs/workbench/api/node/extensionHostProcess.js:150:10866)
    at Proxy.P.<computed>.j.charCodeAt.P.<computed> (/opt/visual-studio-code/resources/app/out/vs/workbench/api/node/extensionHostProcess.js:150:8317)
    at d.g (/opt/visual-studio-code/resources/app/out/vs/workbench/api/node/extensionHostProcess.js:141:139555)
    at d.executeCommand (/opt/visual-studio-code/resources/app/out/vs/workbench/api/node/extensionHostProcess.js:141:138993)
    at p.registerCommand.description (/opt/visual-studio-code/resources/app/out/vs/workbench/api/node/extensionHostProcess.js:141:138317)
    at d.h (/opt/visual-studio-code/resources/app/out/vs/workbench/api/node/extensionHostProcess.js:141:140094)
    at d.g (/opt/visual-studio-code/resources/app/out/vs/workbench/api/node/extensionHostProcess.js:141:139086)
    at d.executeCommand (/opt/visual-studio-code/resources/app/out/vs/workbench/api/node/extensionHostProcess.js:141:138993)
    at Object.executeCommand (/opt/visual-studio-code/resources/app/out/vs/workbench/api/node/extensionHostProcess.js:158:21333)
    at w (/home/tjr/.vscode/extensions/eamodio.gitlens-14.7.0/dist/gitlens.js:1077:40655)
    at h (/home/tjr/.vscode/extensions/eamodio.gitlens-14.7.0/dist/gitlens.js:1077:45702)
    at ActionRunners._updateContextKeys (/home/tjr/.vscode/extensions/eamodio.gitlens-14.7.0/dist/gitlens.js:663:17573)
    at s (/home/tjr/.vscode/extensions/eamodio.gitlens-14.7.0/dist/gitlens.js:663:16017)
    at RegisteredActionRunner.unregister (/home/tjr/.vscode/extensions/eamodio.gitlens-14.7.0/dist/gitlens.js:663:16160)
    at RegisteredActionRunner.dispose (/home/tjr/.vscode/extensions/eamodio.gitlens-14.7.0/dist/gitlens.js:663:14813)
    at ActionRunners.dispose (/home/tjr/.vscode/extensions/eamodio.gitlens-14.7.0/dist/gitlens.js:663:15600)
    at /home/tjr/.vscode/extensions/eamodio.gitlens-14.7.0/dist/gitlens.js:1037:19287
    at Array.forEach (<anonymous>)
    at Object.dispose (/home/tjr/.vscode/extensions/eamodio.gitlens-14.7.0/dist/gitlens.js:1037:19269)
    at s (/opt/visual-studio-code/resources/app/out/vs/workbench/api/node/extensionHostProcess.js:30:754)
    at f.cb (/opt/visual-studio-code/resources/app/out/vs/workbench/api/node/extensionHostProcess.js:154:9873)
    at /opt/visual-studio-code/resources/app/out/vs/workbench/api/node/extensionHostProcess.js:154:7808
    at Array.map (<anonymous>)
    at f.Y (/opt/visual-studio-code/resources/app/out/vs/workbench/api/node/extensionHostProcess.js:154:7795)
    at f.terminate (/opt/visual-studio-code/resources/app/out/vs/workbench/api/node/extensionHostProcess.js:154:8068)
    at s.terminate (/opt/visual-studio-code/resources/app/out/vs/workbench/api/node/extensionHostProcess.js:158:1513)
    at a (/opt/visual-studio-code/resources/app/out/vs/workbench/api/node/extensionHostProcess.js:171:9802)
    at MessagePortMain.<anonymous> (/opt/visual-studio-code/resources/app/out/vs/workbench/api/node/extensionHostProcess.js:171:6227)
    at MessagePortMain.emit (node:events:513:28)
    at Object.MessagePortMain._internalPort.emit (node:electron/js2c/utility_init:2:367) setContext undefined
2024-02-02 23:30:58.290 [info] Extension host with pid 10747 exiting with code 0
2024-02-02 23:30:58.606 [info] Extension host with pid 11006 started
2024-02-02 23:30:58.606 [info] Skipping acquiring lock for /home/tjr/.config/Code/User/workspaceStorage/cef9f0b2e9e2764a8e8709861618fe53.
2024-02-02 23:30:58.609 [info] ExtensionService#_doActivateExtension vscode.emmet, startup: false, activationEvent: 'onLanguage'
2024-02-02 23:30:58.613 [info] ExtensionService#_doActivateExtension ecmel.vscode-html-css, startup: false, activationEvent: 'onCommand:vscode-html-css.validate'
2024-02-02 23:30:58.616 [info] ExtensionService#_doActivateExtension vscode.github-authentication, startup: false, activationEvent: 'onAuthenticationRequest:github'
2024-02-02 23:30:58.626 [info] ExtensionService#_doActivateExtension vscode.json-language-features, startup: false, activationEvent: 'onLanguage:jsonc'
2024-02-02 23:30:58.636 [info] ExtensionService#_doActivateExtension vscode.typescript-language-features, startup: false, activationEvent: 'onLanguage:jsonc'
2024-02-02 23:30:58.813 [info] ExtensionService#_doActivateExtension vscode.git-base, startup: true, activationEvent: '*', root cause: vscode.git
2024-02-02 23:30:58.814 [info] ExtensionService#_doActivateExtension formulahendry.auto-close-tag, startup: true, activationEvent: '*'
2024-02-02 23:30:58.814 [info] ExtensionService#_doActivateExtension formulahendry.auto-rename-tag, startup: true, activationEvent: '*'
2024-02-02 23:30:58.819 [info] ExtensionService#_doActivateExtension icrawl.discord-vscode, startup: true, activationEvent: '*'
2024-02-02 23:30:58.823 [info] ExtensionService#_doActivateExtension kamikillerto.vscode-colorize, startup: true, activationEvent: '*'
2024-02-02 23:30:58.830 [info] ExtensionService#_doActivateExtension WakaTime.vscode-wakatime, startup: true, activationEvent: '*'
2024-02-02 23:30:58.866 [info] ExtensionService#_doActivateExtension vscode.git, startup: true, activationEvent: '*'
2024-02-02 23:30:58.880 [info] ExtensionService#_doActivateExtension vscode.github, startup: true, activationEvent: '*'
2024-02-02 23:30:58.971 [info] Eager extensions activated
2024-02-02 23:30:58.972 [info] ExtensionService#_doActivateExtension vscode.debug-auto-launch, startup: false, activationEvent: 'onStartupFinished'
2024-02-02 23:30:58.973 [info] ExtensionService#_doActivateExtension vscode.merge-conflict, startup: false, activationEvent: 'onStartupFinished'
2024-02-02 23:30:58.977 [info] ExtensionService#_doActivateExtension eamodio.gitlens, startup: false, activationEvent: 'onStartupFinished'
2024-02-02 23:30:58.996 [info] ExtensionService#_doActivateExtension esbenp.prettier-vscode, startup: false, activationEvent: 'onStartupFinished'
2024-02-02 23:30:59.011 [info] ExtensionService#_doActivateExtension formulahendry.code-runner, startup: false, activationEvent: 'onStartupFinished'
2024-02-02 23:30:59.017 [info] ExtensionService#_doActivateExtension hoovercj.vscode-power-mode, startup: false, activationEvent: 'onStartupFinished'
2024-02-02 23:30:59.022 [info] ExtensionService#_doActivateExtension PKief.material-icon-theme, startup: false, activationEvent: 'onStartupFinished'
2024-02-02 23:30:59.025 [info] ExtensionService#_doActivateExtension ritwickdey.LiveServer, startup: false, activationEvent: 'onStartupFinished'
2024-02-02 23:30:59.028 [info] ExtensionService#_doActivateExtension streetsidesoftware.code-spell-checker, startup: false, activationEvent: 'onStartupFinished'
2024-02-02 23:30:59.045 [info] ExtensionService#_doActivateExtension zhuangtongfa.material-theme, startup: false, activationEvent: 'onStartupFinished'
2024-02-02 23:30:59.895 [error] TypeError: Cannot read properties of null (reading 'write')
    at IPCTransport.send (/home/tjr/.vscode/extensions/icrawl.discord-vscode-5.8.0/dist/extension.js:2:24881)
    at /home/tjr/.vscode/extensions/icrawl.discord-vscode-5.8.0/dist/extension.js:2:24968
    at new Promise (<anonymous>)
    at IPCTransport.close (/home/tjr/.vscode/extensions/icrawl.discord-vscode-5.8.0/dist/extension.js:2:24925)
    at RPCClient.destroy (/home/tjr/.vscode/extensions/icrawl.discord-vscode-5.8.0/dist/extension.js:2:18626)
    at login (/home/tjr/.vscode/extensions/icrawl.discord-vscode-5.8.0/dist/extension.js:2:149260)
    at processTicksAndRejections (node:internal/process/task_queues:95:5)
    at activate (/home/tjr/.vscode/extensions/icrawl.discord-vscode-5.8.0/dist/extension.js:2:151363)
    at u.n (/opt/visual-studio-code/resources/app/out/vs/workbench/api/node/extensionHostProcess.js:140:6255)
    at u.m (/opt/visual-studio-code/resources/app/out/vs/workbench/api/node/extensionHostProcess.js:140:6218)
    at u.l (/opt/visual-studio-code/resources/app/out/vs/workbench/api/node/extensionHostProcess.js:140:5675)
2024-02-02 23:31:12.273 [info] Extension host terminating: renderer closed the MessagePort
2024-02-02 23:31:12.301 [error] Canceled: Canceled
    at new g (/opt/visual-studio-code/resources/app/out/vs/workbench/api/node/extensionHostProcess.js:141:110274)
    at l.U (/opt/visual-studio-code/resources/app/out/vs/workbench/api/node/extensionHostProcess.js:150:10866)
    at Proxy.P.<computed>.j.charCodeAt.P.<computed> (/opt/visual-studio-code/resources/app/out/vs/workbench/api/node/extensionHostProcess.js:150:8317)
    at d.g (/opt/visual-studio-code/resources/app/out/vs/workbench/api/node/extensionHostProcess.js:141:139555)
    at d.executeCommand (/opt/visual-studio-code/resources/app/out/vs/workbench/api/node/extensionHostProcess.js:141:138993)
    at p.registerCommand.description (/opt/visual-studio-code/resources/app/out/vs/workbench/api/node/extensionHostProcess.js:141:138317)
    at d.h (/opt/visual-studio-code/resources/app/out/vs/workbench/api/node/extensionHostProcess.js:141:140094)
    at d.g (/opt/visual-studio-code/resources/app/out/vs/workbench/api/node/extensionHostProcess.js:141:139086)
    at d.executeCommand (/opt/visual-studio-code/resources/app/out/vs/workbench/api/node/extensionHostProcess.js:141:138993)
    at Object.executeCommand (/opt/visual-studio-code/resources/app/out/vs/workbench/api/node/extensionHostProcess.js:158:21333)
    at w (/home/tjr/.vscode/extensions/eamodio.gitlens-14.7.0/dist/gitlens.js:1077:40655)
    at h (/home/tjr/.vscode/extensions/eamodio.gitlens-14.7.0/dist/gitlens.js:1077:45702)
    at ActionRunners._updateContextKeys (/home/tjr/.vscode/extensions/eamodio.gitlens-14.7.0/dist/gitlens.js:663:17573)
    at s (/home/tjr/.vscode/extensions/eamodio.gitlens-14.7.0/dist/gitlens.js:663:16017)
    at RegisteredActionRunner.unregister (/home/tjr/.vscode/extensions/eamodio.gitlens-14.7.0/dist/gitlens.js:663:16160)
    at RegisteredActionRunner.dispose (/home/tjr/.vscode/extensions/eamodio.gitlens-14.7.0/dist/gitlens.js:663:14813)
    at ActionRunners.dispose (/home/tjr/.vscode/extensions/eamodio.gitlens-14.7.0/dist/gitlens.js:663:15600)
    at /home/tjr/.vscode/extensions/eamodio.gitlens-14.7.0/dist/gitlens.js:1037:19287
    at Array.forEach (<anonymous>)
    at Object.dispose (/home/tjr/.vscode/extensions/eamodio.gitlens-14.7.0/dist/gitlens.js:1037:19269)
    at s (/opt/visual-studio-code/resources/app/out/vs/workbench/api/node/extensionHostProcess.js:30:754)
    at f.cb (/opt/visual-studio-code/resources/app/out/vs/workbench/api/node/extensionHostProcess.js:154:9873)
    at /opt/visual-studio-code/resources/app/out/vs/workbench/api/node/extensionHostProcess.js:154:7808
    at Array.map (<anonymous>)
    at f.Y (/opt/visual-studio-code/resources/app/out/vs/workbench/api/node/extensionHostProcess.js:154:7795)
    at f.terminate (/opt/visual-studio-code/resources/app/out/vs/workbench/api/node/extensionHostProcess.js:154:8068)
    at s.terminate (/opt/visual-studio-code/resources/app/out/vs/workbench/api/node/extensionHostProcess.js:158:1513)
    at a (/opt/visual-studio-code/resources/app/out/vs/workbench/api/node/extensionHostProcess.js:171:9802)
    at MessagePortMain.<anonymous> (/opt/visual-studio-code/resources/app/out/vs/workbench/api/node/extensionHostProcess.js:171:6227)
    at MessagePortMain.emit (node:events:513:28)
    at Object.MessagePortMain._internalPort.emit (node:electron/js2c/utility_init:2:367) setContext undefined
2024-02-02 23:31:12.301 [error] Canceled: Canceled
    at new g (/opt/visual-studio-code/resources/app/out/vs/workbench/api/node/extensionHostProcess.js:141:110274)
    at l.U (/opt/visual-studio-code/resources/app/out/vs/workbench/api/node/extensionHostProcess.js:150:10866)
    at Proxy.P.<computed>.j.charCodeAt.P.<computed> (/opt/visual-studio-code/resources/app/out/vs/workbench/api/node/extensionHostProcess.js:150:8317)
    at d.g (/opt/visual-studio-code/resources/app/out/vs/workbench/api/node/extensionHostProcess.js:141:139555)
    at d.executeCommand (/opt/visual-studio-code/resources/app/out/vs/workbench/api/node/extensionHostProcess.js:141:138993)
    at p.registerCommand.description (/opt/visual-studio-code/resources/app/out/vs/workbench/api/node/extensionHostProcess.js:141:138317)
    at d.h (/opt/visual-studio-code/resources/app/out/vs/workbench/api/node/extensionHostProcess.js:141:140094)
    at d.g (/opt/visual-studio-code/resources/app/out/vs/workbench/api/node/extensionHostProcess.js:141:139086)
    at d.executeCommand (/opt/visual-studio-code/resources/app/out/vs/workbench/api/node/extensionHostProcess.js:141:138993)
    at Object.executeCommand (/opt/visual-studio-code/resources/app/out/vs/workbench/api/node/extensionHostProcess.js:158:21333)
    at w (/home/tjr/.vscode/extensions/eamodio.gitlens-14.7.0/dist/gitlens.js:1077:40655)
    at h (/home/tjr/.vscode/extensions/eamodio.gitlens-14.7.0/dist/gitlens.js:1077:45702)
    at ActionRunners._updateContextKeys (/home/tjr/.vscode/extensions/eamodio.gitlens-14.7.0/dist/gitlens.js:663:17573)
    at s (/home/tjr/.vscode/extensions/eamodio.gitlens-14.7.0/dist/gitlens.js:663:16017)
    at RegisteredActionRunner.unregister (/home/tjr/.vscode/extensions/eamodio.gitlens-14.7.0/dist/gitlens.js:663:16160)
    at RegisteredActionRunner.dispose (/home/tjr/.vscode/extensions/eamodio.gitlens-14.7.0/dist/gitlens.js:663:14813)
    at ActionRunners.dispose (/home/tjr/.vscode/extensions/eamodio.gitlens-14.7.0/dist/gitlens.js:663:15600)
    at /home/tjr/.vscode/extensions/eamodio.gitlens-14.7.0/dist/gitlens.js:1037:19287
    at Array.forEach (<anonymous>)
    at Object.dispose (/home/tjr/.vscode/extensions/eamodio.gitlens-14.7.0/dist/gitlens.js:1037:19269)
    at s (/opt/visual-studio-code/resources/app/out/vs/workbench/api/node/extensionHostProcess.js:30:754)
    at f.cb (/opt/visual-studio-code/resources/app/out/vs/workbench/api/node/extensionHostProcess.js:154:9873)
    at /opt/visual-studio-code/resources/app/out/vs/workbench/api/node/extensionHostProcess.js:154:7808
    at Array.map (<anonymous>)
    at f.Y (/opt/visual-studio-code/resources/app/out/vs/workbench/api/node/extensionHostProcess.js:154:7795)
    at f.terminate (/opt/visual-studio-code/resources/app/out/vs/workbench/api/node/extensionHostProcess.js:154:8068)
    at s.terminate (/opt/visual-studio-code/resources/app/out/vs/workbench/api/node/extensionHostProcess.js:158:1513)
    at a (/opt/visual-studio-code/resources/app/out/vs/workbench/api/node/extensionHostProcess.js:171:9802)
    at MessagePortMain.<anonymous> (/opt/visual-studio-code/resources/app/out/vs/workbench/api/node/extensionHostProcess.js:171:6227)
    at MessagePortMain.emit (node:events:513:28)
    at Object.MessagePortMain._internalPort.emit (node:electron/js2c/utility_init:2:367) setContext undefined
2024-02-02 23:31:12.302 [error] Canceled: Canceled
    at new g (/opt/visual-studio-code/resources/app/out/vs/workbench/api/node/extensionHostProcess.js:141:110274)
    at l.U (/opt/visual-studio-code/resources/app/out/vs/workbench/api/node/extensionHostProcess.js:150:10866)
    at Proxy.P.<computed>.j.charCodeAt.P.<computed> (/opt/visual-studio-code/resources/app/out/vs/workbench/api/node/extensionHostProcess.js:150:8317)
    at d.g (/opt/visual-studio-code/resources/app/out/vs/workbench/api/node/extensionHostProcess.js:141:139555)
    at d.executeCommand (/opt/visual-studio-code/resources/app/out/vs/workbench/api/node/extensionHostProcess.js:141:138993)
    at p.registerCommand.description (/opt/visual-studio-code/resources/app/out/vs/workbench/api/node/extensionHostProcess.js:141:138317)
    at d.h (/opt/visual-studio-code/resources/app/out/vs/workbench/api/node/extensionHostProcess.js:141:140094)
    at d.g (/opt/visual-studio-code/resources/app/out/vs/workbench/api/node/extensionHostProcess.js:141:139086)
    at d.executeCommand (/opt/visual-studio-code/resources/app/out/vs/workbench/api/node/extensionHostProcess.js:141:138993)
    at Object.executeCommand (/opt/visual-studio-code/resources/app/out/vs/workbench/api/node/extensionHostProcess.js:158:21333)
    at w (/home/tjr/.vscode/extensions/eamodio.gitlens-14.7.0/dist/gitlens.js:1077:40655)
    at h (/home/tjr/.vscode/extensions/eamodio.gitlens-14.7.0/dist/gitlens.js:1077:45702)
    at ActionRunners._updateContextKeys (/home/tjr/.vscode/extensions/eamodio.gitlens-14.7.0/dist/gitlens.js:663:17573)
    at s (/home/tjr/.vscode/extensions/eamodio.gitlens-14.7.0/dist/gitlens.js:663:16017)
    at RegisteredActionRunner.unregister (/home/tjr/.vscode/extensions/eamodio.gitlens-14.7.0/dist/gitlens.js:663:16160)
    at RegisteredActionRunner.dispose (/home/tjr/.vscode/extensions/eamodio.gitlens-14.7.0/dist/gitlens.js:663:14813)
    at ActionRunners.dispose (/home/tjr/.vscode/extensions/eamodio.gitlens-14.7.0/dist/gitlens.js:663:15600)
    at /home/tjr/.vscode/extensions/eamodio.gitlens-14.7.0/dist/gitlens.js:1037:19287
    at Array.forEach (<anonymous>)
    at Object.dispose (/home/tjr/.vscode/extensions/eamodio.gitlens-14.7.0/dist/gitlens.js:1037:19269)
    at s (/opt/visual-studio-code/resources/app/out/vs/workbench/api/node/extensionHostProcess.js:30:754)
    at f.cb (/opt/visual-studio-code/resources/app/out/vs/workbench/api/node/extensionHostProcess.js:154:9873)
    at /opt/visual-studio-code/resources/app/out/vs/workbench/api/node/extensionHostProcess.js:154:7808
    at Array.map (<anonymous>)
    at f.Y (/opt/visual-studio-code/resources/app/out/vs/workbench/api/node/extensionHostProcess.js:154:7795)
    at f.terminate (/opt/visual-studio-code/resources/app/out/vs/workbench/api/node/extensionHostProcess.js:154:8068)
    at s.terminate (/opt/visual-studio-code/resources/app/out/vs/workbench/api/node/extensionHostProcess.js:158:1513)
    at a (/opt/visual-studio-code/resources/app/out/vs/workbench/api/node/extensionHostProcess.js:171:9802)
    at MessagePortMain.<anonymous> (/opt/visual-studio-code/resources/app/out/vs/workbench/api/node/extensionHostProcess.js:171:6227)
    at MessagePortMain.emit (node:events:513:28)
    at Object.MessagePortMain._internalPort.emit (node:electron/js2c/utility_init:2:367) setContext undefined
2024-02-02 23:31:12.307 [info] Extension host with pid 11006 exiting with code 0
