2024-02-04 23:45:18.461 [info] Extension host with pid 64049 started
2024-02-04 23:45:18.461 [info] Skipping acquiring lock for /home/tjr/.config/Code/User/workspaceStorage/cef9f0b2e9e2764a8e8709861618fe53.
2024-02-04 23:45:18.732 [info] ExtensionService#_doActivateExtension vscode.emmet, startup: false, activationEvent: 'onLanguage'
2024-02-04 23:45:18.746 [info] ExtensionService#_doActivateExtension vscode.json-language-features, startup: false, activationEvent: 'onLanguage:jsonc'
2024-02-04 23:45:18.786 [info] ExtensionService#_doActivateExtension vscode.typescript-language-features, startup: false, activationEvent: 'onLanguage:jsonc'
2024-02-04 23:45:18.824 [info] ExtensionService#_doActivateExtension vscode.github-authentication, startup: false, activationEvent: 'onAuthenticationRequest:github'
2024-02-04 23:45:19.118 [info] ExtensionService#_doActivateExtension vscode.git-base, startup: true, activationEvent: '*', root cause: vscode.git
2024-02-04 23:45:19.120 [info] ExtensionService#_doActivateExtension formulahendry.auto-close-tag, startup: true, activationEvent: '*'
2024-02-04 23:45:19.121 [info] ExtensionService#_doActivateExtension formulahendry.auto-rename-tag, startup: true, activationEvent: '*'
2024-02-04 23:45:19.141 [info] ExtensionService#_doActivateExtension icrawl.discord-vscode, startup: true, activationEvent: '*'
2024-02-04 23:45:19.150 [info] ExtensionService#_doActivateExtension kamikillerto.vscode-colorize, startup: true, activationEvent: '*'
2024-02-04 23:45:19.160 [info] ExtensionService#_doActivateExtension WakaTime.vscode-wakatime, startup: true, activationEvent: '*'
2024-02-04 23:45:19.210 [info] ExtensionService#_doActivateExtension vscode.git, startup: true, activationEvent: '*'
2024-02-04 23:45:19.251 [info] ExtensionService#_doActivateExtension vscode.github, startup: true, activationEvent: '*'
2024-02-04 23:45:19.347 [info] Eager extensions activated
2024-02-04 23:45:19.364 [info] ExtensionService#_doActivateExtension vscode.debug-auto-launch, startup: false, activationEvent: 'onStartupFinished'
2024-02-04 23:45:19.365 [info] ExtensionService#_doActivateExtension vscode.merge-conflict, startup: false, activationEvent: 'onStartupFinished'
2024-02-04 23:45:19.375 [info] ExtensionService#_doActivateExtension eamodio.gitlens, startup: false, activationEvent: 'onStartupFinished'
2024-02-04 23:45:19.444 [info] ExtensionService#_doActivateExtension ecmel.vscode-html-css, startup: false, activationEvent: 'onStartupFinished'
2024-02-04 23:45:19.445 [info] ExtensionService#_doActivateExtension esbenp.prettier-vscode, startup: false, activationEvent: 'onStartupFinished'
2024-02-04 23:45:19.490 [info] ExtensionService#_doActivateExtension formulahendry.code-runner, startup: false, activationEvent: 'onStartupFinished'
2024-02-04 23:45:19.505 [info] ExtensionService#_doActivateExtension hoovercj.vscode-power-mode, startup: false, activationEvent: 'onStartupFinished'
2024-02-04 23:45:19.512 [info] ExtensionService#_doActivateExtension PKief.material-icon-theme, startup: false, activationEvent: 'onStartupFinished'
2024-02-04 23:45:19.521 [info] ExtensionService#_doActivateExtension ritwickdey.LiveServer, startup: false, activationEvent: 'onStartupFinished'
2024-02-04 23:45:19.525 [info] ExtensionService#_doActivateExtension streetsidesoftware.code-spell-checker, startup: false, activationEvent: 'onStartupFinished'
2024-02-04 23:45:19.576 [info] ExtensionService#_doActivateExtension zhuangtongfa.material-theme, startup: false, activationEvent: 'onStartupFinished'
2024-02-04 23:45:20.277 [error] TypeError: Cannot read properties of null (reading 'write')
    at IPCTransport.send (/home/tjr/.vscode/extensions/icrawl.discord-vscode-5.8.0/dist/extension.js:2:24881)
    at /home/tjr/.vscode/extensions/icrawl.discord-vscode-5.8.0/dist/extension.js:2:24968
    at new Promise (<anonymous>)
    at IPCTransport.close (/home/tjr/.vscode/extensions/icrawl.discord-vscode-5.8.0/dist/extension.js:2:24925)
    at RPCClient.destroy (/home/tjr/.vscode/extensions/icrawl.discord-vscode-5.8.0/dist/extension.js:2:18626)
    at login (/home/tjr/.vscode/extensions/icrawl.discord-vscode-5.8.0/dist/extension.js:2:149260)
    at processTicksAndRejections (node:internal/process/task_queues:95:5)
    at activate (/home/tjr/.vscode/extensions/icrawl.discord-vscode-5.8.0/dist/extension.js:2:151363)
    at c.n (/opt/visual-studio-code/resources/app/out/vs/workbench/api/node/extensionHostProcess.js:140:6256)
    at c.m (/opt/visual-studio-code/resources/app/out/vs/workbench/api/node/extensionHostProcess.js:140:6219)
    at c.l (/opt/visual-studio-code/resources/app/out/vs/workbench/api/node/extensionHostProcess.js:140:5676)
2024-02-04 23:45:46.610 [error] Error: 'github' authentication is required for this operation
    at GitHubGitProvider.r (/home/tjr/.vscode/extensions/eamodio.gitlens-14.7.0/dist/feature-github.js:645:42854)
2024-02-04 23:45:51.049 [info] Extension host terminating: renderer closed the MessagePort
2024-02-04 23:45:51.081 [error] Canceled: Canceled
    at new f (/opt/visual-studio-code/resources/app/out/vs/workbench/api/node/extensionHostProcess.js:140:45069)
    at d.U (/opt/visual-studio-code/resources/app/out/vs/workbench/api/node/extensionHostProcess.js:147:5557)
    at Proxy.T.<computed>.O.charCodeAt.T.<computed> (/opt/visual-studio-code/resources/app/out/vs/workbench/api/node/extensionHostProcess.js:147:3008)
    at s.g (/opt/visual-studio-code/resources/app/out/vs/workbench/api/node/extensionHostProcess.js:150:174704)
    at s.executeCommand (/opt/visual-studio-code/resources/app/out/vs/workbench/api/node/extensionHostProcess.js:150:174142)
    at m.registerCommand.description (/opt/visual-studio-code/resources/app/out/vs/workbench/api/node/extensionHostProcess.js:150:173466)
    at s.h (/opt/visual-studio-code/resources/app/out/vs/workbench/api/node/extensionHostProcess.js:150:175243)
    at s.g (/opt/visual-studio-code/resources/app/out/vs/workbench/api/node/extensionHostProcess.js:150:174235)
    at s.executeCommand (/opt/visual-studio-code/resources/app/out/vs/workbench/api/node/extensionHostProcess.js:150:174142)
    at Object.executeCommand (/opt/visual-studio-code/resources/app/out/vs/workbench/api/node/extensionHostProcess.js:160:21634)
    at g.I [as value] (/opt/visual-studio-code/resources/app/extensions/git/dist/main.js:2:927298)
    at r.y (/opt/visual-studio-code/resources/app/out/vs/workbench/api/node/extensionHostProcess.js:80:1902)
    at r.z (/opt/visual-studio-code/resources/app/out/vs/workbench/api/node/extensionHostProcess.js:80:1972)
    at r.fire (/opt/visual-studio-code/resources/app/out/vs/workbench/api/node/extensionHostProcess.js:80:2188)
    at Object.m [as dispose] (/opt/visual-studio-code/resources/app/extensions/git/dist/main.js:2:943089)
    at /opt/visual-studio-code/resources/app/extensions/git/dist/main.js:2:947930
    at Array.forEach (<anonymous>)
    at p.dispose (/opt/visual-studio-code/resources/app/extensions/git/dist/main.js:2:947916)
    at c.<anonymous> (/opt/visual-studio-code/resources/app/out/vs/workbench/api/node/extensionHostProcess.js:148:3650)
    at c.dispose (/opt/visual-studio-code/resources/app/out/vs/workbench/api/node/extensionHostProcess.js:148:3747)
    at c.<anonymous> (/opt/visual-studio-code/resources/app/extensions/git/dist/main.js:2:929310)
    at c.dispose (/opt/visual-studio-code/resources/app/out/vs/workbench/api/node/extensionHostProcess.js:148:3747)
    at o (/opt/visual-studio-code/resources/app/out/vs/workbench/api/node/extensionHostProcess.js:30:754)
    at g.cb (/opt/visual-studio-code/resources/app/out/vs/workbench/api/node/extensionHostProcess.js:156:9874)
    at /opt/visual-studio-code/resources/app/out/vs/workbench/api/node/extensionHostProcess.js:156:7808
    at Array.map (<anonymous>)
    at g.Y (/opt/visual-studio-code/resources/app/out/vs/workbench/api/node/extensionHostProcess.js:156:7795)
    at g.terminate (/opt/visual-studio-code/resources/app/out/vs/workbench/api/node/extensionHostProcess.js:156:8068)
    at o.terminate (/opt/visual-studio-code/resources/app/out/vs/workbench/api/node/extensionHostProcess.js:160:1513)
    at t (/opt/visual-studio-code/resources/app/out/vs/workbench/api/node/extensionHostProcess.js:173:9950)
    at MessagePortMain.<anonymous> (/opt/visual-studio-code/resources/app/out/vs/workbench/api/node/extensionHostProcess.js:173:6375)
    at MessagePortMain.emit (node:events:514:28)
    at Object.emit (node:electron/js2c/utility_init:2:2285) setContext undefined
2024-02-04 23:45:51.081 [error] Canceled: Canceled
    at new f (/opt/visual-studio-code/resources/app/out/vs/workbench/api/node/extensionHostProcess.js:140:45069)
    at d.U (/opt/visual-studio-code/resources/app/out/vs/workbench/api/node/extensionHostProcess.js:147:5557)
    at Proxy.T.<computed>.O.charCodeAt.T.<computed> (/opt/visual-studio-code/resources/app/out/vs/workbench/api/node/extensionHostProcess.js:147:3008)
    at s.g (/opt/visual-studio-code/resources/app/out/vs/workbench/api/node/extensionHostProcess.js:150:174704)
    at s.executeCommand (/opt/visual-studio-code/resources/app/out/vs/workbench/api/node/extensionHostProcess.js:150:174142)
    at m.registerCommand.description (/opt/visual-studio-code/resources/app/out/vs/workbench/api/node/extensionHostProcess.js:150:173466)
    at s.h (/opt/visual-studio-code/resources/app/out/vs/workbench/api/node/extensionHostProcess.js:150:175243)
    at s.g (/opt/visual-studio-code/resources/app/out/vs/workbench/api/node/extensionHostProcess.js:150:174235)
    at s.executeCommand (/opt/visual-studio-code/resources/app/out/vs/workbench/api/node/extensionHostProcess.js:150:174142)
    at Object.executeCommand (/opt/visual-studio-code/resources/app/out/vs/workbench/api/node/extensionHostProcess.js:160:21634)
    at a.$D.set b [as b] (/opt/visual-studio-code/resources/app/extensions/github/dist/extension.js:2:322364)
    at /opt/visual-studio-code/resources/app/extensions/github/dist/extension.js:2:323005
    at g.value (/opt/visual-studio-code/resources/app/extensions/git/dist/main.js:2:1018251)
    at r.y (/opt/visual-studio-code/resources/app/out/vs/workbench/api/node/extensionHostProcess.js:80:1902)
    at r.z (/opt/visual-studio-code/resources/app/out/vs/workbench/api/node/extensionHostProcess.js:80:1972)
    at r.fire (/opt/visual-studio-code/resources/app/out/vs/workbench/api/node/extensionHostProcess.js:80:2188)
    at Object.m [as dispose] (/opt/visual-studio-code/resources/app/extensions/git/dist/main.js:2:943089)
    at /opt/visual-studio-code/resources/app/extensions/git/dist/main.js:2:947930
    at Array.forEach (<anonymous>)
    at p.dispose (/opt/visual-studio-code/resources/app/extensions/git/dist/main.js:2:947916)
    at c.<anonymous> (/opt/visual-studio-code/resources/app/out/vs/workbench/api/node/extensionHostProcess.js:148:3650)
    at c.dispose (/opt/visual-studio-code/resources/app/out/vs/workbench/api/node/extensionHostProcess.js:148:3747)
    at c.<anonymous> (/opt/visual-studio-code/resources/app/extensions/git/dist/main.js:2:929310)
    at c.dispose (/opt/visual-studio-code/resources/app/out/vs/workbench/api/node/extensionHostProcess.js:148:3747)
    at o (/opt/visual-studio-code/resources/app/out/vs/workbench/api/node/extensionHostProcess.js:30:754)
    at g.cb (/opt/visual-studio-code/resources/app/out/vs/workbench/api/node/extensionHostProcess.js:156:9874)
    at /opt/visual-studio-code/resources/app/out/vs/workbench/api/node/extensionHostProcess.js:156:7808
    at Array.map (<anonymous>)
    at g.Y (/opt/visual-studio-code/resources/app/out/vs/workbench/api/node/extensionHostProcess.js:156:7795)
    at g.terminate (/opt/visual-studio-code/resources/app/out/vs/workbench/api/node/extensionHostProcess.js:156:8068)
    at o.terminate (/opt/visual-studio-code/resources/app/out/vs/workbench/api/node/extensionHostProcess.js:160:1513)
    at t (/opt/visual-studio-code/resources/app/out/vs/workbench/api/node/extensionHostProcess.js:173:9950)
    at MessagePortMain.<anonymous> (/opt/visual-studio-code/resources/app/out/vs/workbench/api/node/extensionHostProcess.js:173:6375)
    at MessagePortMain.emit (node:events:514:28)
    at Object.emit (node:electron/js2c/utility_init:2:2285) setContext undefined
2024-02-04 23:45:51.085 [error] Canceled: Canceled
    at new f (/opt/visual-studio-code/resources/app/out/vs/workbench/api/node/extensionHostProcess.js:140:45069)
    at d.U (/opt/visual-studio-code/resources/app/out/vs/workbench/api/node/extensionHostProcess.js:147:5557)
    at Proxy.T.<computed>.O.charCodeAt.T.<computed> (/opt/visual-studio-code/resources/app/out/vs/workbench/api/node/extensionHostProcess.js:147:3008)
    at s.g (/opt/visual-studio-code/resources/app/out/vs/workbench/api/node/extensionHostProcess.js:150:174704)
    at s.executeCommand (/opt/visual-studio-code/resources/app/out/vs/workbench/api/node/extensionHostProcess.js:150:174142)
    at m.registerCommand.description (/opt/visual-studio-code/resources/app/out/vs/workbench/api/node/extensionHostProcess.js:150:173466)
    at s.h (/opt/visual-studio-code/resources/app/out/vs/workbench/api/node/extensionHostProcess.js:150:175243)
    at s.g (/opt/visual-studio-code/resources/app/out/vs/workbench/api/node/extensionHostProcess.js:150:174235)
    at s.executeCommand (/opt/visual-studio-code/resources/app/out/vs/workbench/api/node/extensionHostProcess.js:150:174142)
    at Object.executeCommand (/opt/visual-studio-code/resources/app/out/vs/workbench/api/node/extensionHostProcess.js:160:21634)
    at w (/home/tjr/.vscode/extensions/eamodio.gitlens-14.7.0/dist/gitlens.js:1077:40655)
    at h (/home/tjr/.vscode/extensions/eamodio.gitlens-14.7.0/dist/gitlens.js:1077:45702)
    at ActionRunners._updateContextKeys (/home/tjr/.vscode/extensions/eamodio.gitlens-14.7.0/dist/gitlens.js:663:17573)
    at s (/home/tjr/.vscode/extensions/eamodio.gitlens-14.7.0/dist/gitlens.js:663:16017)
    at RegisteredActionRunner.unregister (/home/tjr/.vscode/extensions/eamodio.gitlens-14.7.0/dist/gitlens.js:663:16160)
    at RegisteredActionRunner.dispose (/home/tjr/.vscode/extensions/eamodio.gitlens-14.7.0/dist/gitlens.js:663:14813)
    at ActionRunners.dispose (/home/tjr/.vscode/extensions/eamodio.gitlens-14.7.0/dist/gitlens.js:663:15600)
    at /home/tjr/.vscode/extensions/eamodio.gitlens-14.7.0/dist/gitlens.js:1037:19287
    at Array.forEach (<anonymous>)
    at Object.dispose (/home/tjr/.vscode/extensions/eamodio.gitlens-14.7.0/dist/gitlens.js:1037:19269)
    at o (/opt/visual-studio-code/resources/app/out/vs/workbench/api/node/extensionHostProcess.js:30:754)
    at g.cb (/opt/visual-studio-code/resources/app/out/vs/workbench/api/node/extensionHostProcess.js:156:9874)
    at /opt/visual-studio-code/resources/app/out/vs/workbench/api/node/extensionHostProcess.js:156:7808
    at Array.map (<anonymous>)
    at g.Y (/opt/visual-studio-code/resources/app/out/vs/workbench/api/node/extensionHostProcess.js:156:7795)
    at g.terminate (/opt/visual-studio-code/resources/app/out/vs/workbench/api/node/extensionHostProcess.js:156:8068)
    at o.terminate (/opt/visual-studio-code/resources/app/out/vs/workbench/api/node/extensionHostProcess.js:160:1513)
    at t (/opt/visual-studio-code/resources/app/out/vs/workbench/api/node/extensionHostProcess.js:173:9950)
    at MessagePortMain.<anonymous> (/opt/visual-studio-code/resources/app/out/vs/workbench/api/node/extensionHostProcess.js:173:6375)
    at MessagePortMain.emit (node:events:514:28)
    at Object.emit (node:electron/js2c/utility_init:2:2285) setContext undefined
2024-02-04 23:45:51.086 [error] Canceled: Canceled
    at new f (/opt/visual-studio-code/resources/app/out/vs/workbench/api/node/extensionHostProcess.js:140:45069)
    at d.U (/opt/visual-studio-code/resources/app/out/vs/workbench/api/node/extensionHostProcess.js:147:5557)
    at Proxy.T.<computed>.O.charCodeAt.T.<computed> (/opt/visual-studio-code/resources/app/out/vs/workbench/api/node/extensionHostProcess.js:147:3008)
    at s.g (/opt/visual-studio-code/resources/app/out/vs/workbench/api/node/extensionHostProcess.js:150:174704)
    at s.executeCommand (/opt/visual-studio-code/resources/app/out/vs/workbench/api/node/extensionHostProcess.js:150:174142)
    at m.registerCommand.description (/opt/visual-studio-code/resources/app/out/vs/workbench/api/node/extensionHostProcess.js:150:173466)
    at s.h (/opt/visual-studio-code/resources/app/out/vs/workbench/api/node/extensionHostProcess.js:150:175243)
    at s.g (/opt/visual-studio-code/resources/app/out/vs/workbench/api/node/extensionHostProcess.js:150:174235)
    at s.executeCommand (/opt/visual-studio-code/resources/app/out/vs/workbench/api/node/extensionHostProcess.js:150:174142)
    at Object.executeCommand (/opt/visual-studio-code/resources/app/out/vs/workbench/api/node/extensionHostProcess.js:160:21634)
    at w (/home/tjr/.vscode/extensions/eamodio.gitlens-14.7.0/dist/gitlens.js:1077:40655)
    at h (/home/tjr/.vscode/extensions/eamodio.gitlens-14.7.0/dist/gitlens.js:1077:45702)
    at ActionRunners._updateContextKeys (/home/tjr/.vscode/extensions/eamodio.gitlens-14.7.0/dist/gitlens.js:663:17573)
    at s (/home/tjr/.vscode/extensions/eamodio.gitlens-14.7.0/dist/gitlens.js:663:16017)
    at RegisteredActionRunner.unregister (/home/tjr/.vscode/extensions/eamodio.gitlens-14.7.0/dist/gitlens.js:663:16160)
    at RegisteredActionRunner.dispose (/home/tjr/.vscode/extensions/eamodio.gitlens-14.7.0/dist/gitlens.js:663:14813)
    at ActionRunners.dispose (/home/tjr/.vscode/extensions/eamodio.gitlens-14.7.0/dist/gitlens.js:663:15600)
    at /home/tjr/.vscode/extensions/eamodio.gitlens-14.7.0/dist/gitlens.js:1037:19287
    at Array.forEach (<anonymous>)
    at Object.dispose (/home/tjr/.vscode/extensions/eamodio.gitlens-14.7.0/dist/gitlens.js:1037:19269)
    at o (/opt/visual-studio-code/resources/app/out/vs/workbench/api/node/extensionHostProcess.js:30:754)
    at g.cb (/opt/visual-studio-code/resources/app/out/vs/workbench/api/node/extensionHostProcess.js:156:9874)
    at /opt/visual-studio-code/resources/app/out/vs/workbench/api/node/extensionHostProcess.js:156:7808
    at Array.map (<anonymous>)
    at g.Y (/opt/visual-studio-code/resources/app/out/vs/workbench/api/node/extensionHostProcess.js:156:7795)
    at g.terminate (/opt/visual-studio-code/resources/app/out/vs/workbench/api/node/extensionHostProcess.js:156:8068)
    at o.terminate (/opt/visual-studio-code/resources/app/out/vs/workbench/api/node/extensionHostProcess.js:160:1513)
    at t (/opt/visual-studio-code/resources/app/out/vs/workbench/api/node/extensionHostProcess.js:173:9950)
    at MessagePortMain.<anonymous> (/opt/visual-studio-code/resources/app/out/vs/workbench/api/node/extensionHostProcess.js:173:6375)
    at MessagePortMain.emit (node:events:514:28)
    at Object.emit (node:electron/js2c/utility_init:2:2285) setContext undefined
2024-02-04 23:45:51.087 [error] Canceled: Canceled
    at new f (/opt/visual-studio-code/resources/app/out/vs/workbench/api/node/extensionHostProcess.js:140:45069)
    at d.U (/opt/visual-studio-code/resources/app/out/vs/workbench/api/node/extensionHostProcess.js:147:5557)
    at Proxy.T.<computed>.O.charCodeAt.T.<computed> (/opt/visual-studio-code/resources/app/out/vs/workbench/api/node/extensionHostProcess.js:147:3008)
    at s.g (/opt/visual-studio-code/resources/app/out/vs/workbench/api/node/extensionHostProcess.js:150:174704)
    at s.executeCommand (/opt/visual-studio-code/resources/app/out/vs/workbench/api/node/extensionHostProcess.js:150:174142)
    at m.registerCommand.description (/opt/visual-studio-code/resources/app/out/vs/workbench/api/node/extensionHostProcess.js:150:173466)
    at s.h (/opt/visual-studio-code/resources/app/out/vs/workbench/api/node/extensionHostProcess.js:150:175243)
    at s.g (/opt/visual-studio-code/resources/app/out/vs/workbench/api/node/extensionHostProcess.js:150:174235)
    at s.executeCommand (/opt/visual-studio-code/resources/app/out/vs/workbench/api/node/extensionHostProcess.js:150:174142)
    at Object.executeCommand (/opt/visual-studio-code/resources/app/out/vs/workbench/api/node/extensionHostProcess.js:160:21634)
    at w (/home/tjr/.vscode/extensions/eamodio.gitlens-14.7.0/dist/gitlens.js:1077:40655)
    at h (/home/tjr/.vscode/extensions/eamodio.gitlens-14.7.0/dist/gitlens.js:1077:45702)
    at ActionRunners._updateContextKeys (/home/tjr/.vscode/extensions/eamodio.gitlens-14.7.0/dist/gitlens.js:663:17573)
    at s (/home/tjr/.vscode/extensions/eamodio.gitlens-14.7.0/dist/gitlens.js:663:16017)
    at RegisteredActionRunner.unregister (/home/tjr/.vscode/extensions/eamodio.gitlens-14.7.0/dist/gitlens.js:663:16160)
    at RegisteredActionRunner.dispose (/home/tjr/.vscode/extensions/eamodio.gitlens-14.7.0/dist/gitlens.js:663:14813)
    at ActionRunners.dispose (/home/tjr/.vscode/extensions/eamodio.gitlens-14.7.0/dist/gitlens.js:663:15600)
    at /home/tjr/.vscode/extensions/eamodio.gitlens-14.7.0/dist/gitlens.js:1037:19287
    at Array.forEach (<anonymous>)
    at Object.dispose (/home/tjr/.vscode/extensions/eamodio.gitlens-14.7.0/dist/gitlens.js:1037:19269)
    at o (/opt/visual-studio-code/resources/app/out/vs/workbench/api/node/extensionHostProcess.js:30:754)
    at g.cb (/opt/visual-studio-code/resources/app/out/vs/workbench/api/node/extensionHostProcess.js:156:9874)
    at /opt/visual-studio-code/resources/app/out/vs/workbench/api/node/extensionHostProcess.js:156:7808
    at Array.map (<anonymous>)
    at g.Y (/opt/visual-studio-code/resources/app/out/vs/workbench/api/node/extensionHostProcess.js:156:7795)
    at g.terminate (/opt/visual-studio-code/resources/app/out/vs/workbench/api/node/extensionHostProcess.js:156:8068)
    at o.terminate (/opt/visual-studio-code/resources/app/out/vs/workbench/api/node/extensionHostProcess.js:160:1513)
    at t (/opt/visual-studio-code/resources/app/out/vs/workbench/api/node/extensionHostProcess.js:173:9950)
    at MessagePortMain.<anonymous> (/opt/visual-studio-code/resources/app/out/vs/workbench/api/node/extensionHostProcess.js:173:6375)
    at MessagePortMain.emit (node:events:514:28)
    at Object.emit (node:electron/js2c/utility_init:2:2285) setContext undefined
2024-02-04 23:45:51.095 [info] Extension host with pid 64049 exiting with code 0
