2024-02-02 23:26:26.661 [info] Log level: Info
2024-02-02 23:26:26.661 [info] Validating found git in: "git"
2024-02-02 23:26:26.661 [info] Using git "2.43.0" from "git"
2024-02-02 23:26:26.661 [info] > git rev-parse --show-toplevel [2ms]
2024-02-02 23:26:26.661 [info] fatal: not a git repository (or any parent up to mount point /)
Stopping at filesystem boundary (GIT_DISCOVERY_ACROSS_FILESYSTEM not set).
2024-02-02 23:27:19.404 [info] Log level: Info
2024-02-02 23:27:19.404 [info] Validating found git in: "git"
2024-02-02 23:27:19.404 [info] Using git "2.43.0" from "git"
2024-02-02 23:27:19.404 [info] > git rev-parse --show-toplevel [53ms]
2024-02-02 23:27:19.404 [info] fatal: not a git repository (or any parent up to mount point /)
Stopping at filesystem boundary (GIT_DISCOVERY_ACROSS_FILESYSTEM not set).
2024-02-02 23:27:51.157 [info] > git rev-parse --show-toplevel [12ms]
2024-02-02 23:27:51.157 [info] fatal: not a git repository (or any parent up to mount point /)
Stopping at filesystem boundary (GIT_DISCOVERY_ACROSS_FILESYSTEM not set).
2024-02-02 23:28:17.597 [info] > git rev-parse --show-toplevel [0ms]
2024-02-02 23:28:17.597 [info] fatal: not a git repository (or any parent up to mount point /)
Stopping at filesystem boundary (GIT_DISCOVERY_ACROSS_FILESYSTEM not set).
2024-02-02 23:28:23.539 [info] > git rev-parse --show-toplevel [1ms]
2024-02-02 23:28:23.539 [info] fatal: not a git repository (or any parent up to mount point /)
Stopping at filesystem boundary (GIT_DISCOVERY_ACROSS_FILESYSTEM not set).
2024-02-02 23:28:29.492 [info] > git rev-parse --show-toplevel [2ms]
2024-02-02 23:28:29.492 [info] fatal: not a git repository (or any parent up to mount point /)
Stopping at filesystem boundary (GIT_DISCOVERY_ACROSS_FILESYSTEM not set).
2024-02-02 23:28:35.132 [info] > git rev-parse --show-toplevel [12ms]
2024-02-02 23:28:35.132 [info] fatal: not a git repository (or any parent up to mount point /)
Stopping at filesystem boundary (GIT_DISCOVERY_ACROSS_FILESYSTEM not set).
2024-02-02 23:28:51.474 [info] > git rev-parse --show-toplevel [1ms]
2024-02-02 23:28:51.474 [info] fatal: not a git repository (or any parent up to mount point /)
Stopping at filesystem boundary (GIT_DISCOVERY_ACROSS_FILESYSTEM not set).
2024-02-02 23:29:17.838 [info] > git rev-parse --show-toplevel [1ms]
2024-02-02 23:29:17.838 [info] fatal: not a git repository (or any parent up to mount point /)
Stopping at filesystem boundary (GIT_DISCOVERY_ACROSS_FILESYSTEM not set).
2024-02-02 23:29:23.330 [info] > git rev-parse --show-toplevel [1ms]
2024-02-02 23:29:23.330 [info] fatal: not a git repository (or any parent up to mount point /)
Stopping at filesystem boundary (GIT_DISCOVERY_ACROSS_FILESYSTEM not set).
