2024-02-04 23:45:18.953 [info] Reading sessions from keychain...
2024-02-04 23:45:18.953 [info] Getting sessions for all scopes...
2024-02-04 23:45:18.953 [info] Getting sessions for user:email...
2024-02-04 23:45:18.953 [info] Got 0 sessions for ...
2024-02-04 23:45:18.953 [info] Got 0 sessions for user:email...
2024-02-04 23:45:18.957 [info] Getting sessions for all scopes...
2024-02-04 23:45:18.957 [info] Got 0 sessions for ...
2024-02-04 23:45:19.720 [info] Getting sessions for all scopes...
2024-02-04 23:45:19.720 [info] Got 0 sessions for ...
2024-02-04 23:45:36.683 [info] Logging in for the following scopes: user:email
2024-02-04 23:45:36.690 [info] Trying without local server... (user:email)
2024-02-04 23:45:41.176 [info] Exchanging code for token...
2024-02-04 23:45:41.799 [info] Token exchange success!
2024-02-04 23:45:41.803 [info] Getting user info...
2024-02-04 23:45:42.414 [info] Got account info!
2024-02-04 23:45:42.415 [info] Storing 1 sessions...
2024-02-04 23:45:45.598 [info] Reading sessions from keychain...
2024-02-04 23:45:45.598 [info] Stored 1 sessions!
2024-02-04 23:45:45.598 [info] Login success!
2024-02-04 23:45:45.599 [info] Got stored sessions!
2024-02-04 23:45:45.599 [info] Got 1 verified sessions.
2024-02-04 23:45:45.604 [info] Getting sessions for user:email...
2024-02-04 23:45:45.604 [info] Got 1 sessions for user:email...
2024-02-04 23:45:45.605 [info] Getting sessions for user:email...
2024-02-04 23:45:45.605 [info] Got 1 sessions for user:email...
2024-02-04 23:45:45.606 [info] Getting sessions for read:user,repo,user:email...
2024-02-04 23:45:45.606 [info] Got 0 sessions for read:user,repo,user:email...
