2024-02-04 23:45:17.179 [info] Added views:workbench.panel.output in workbench.panel.output
2024-02-04 23:45:17.179 [info] Added views:terminal in terminal
2024-02-04 23:45:17.179 [info] Added views:workbench.panel.markers.view in terminal
2024-02-04 23:45:17.179 [info] Added views:outline in workbench.view.explorer
2024-02-04 23:45:17.179 [info] Added views:workbench.scm in workbench.view.scm
2024-02-04 23:45:17.179 [info] Added views:workbench.view.search in workbench.view.search
2024-02-04 23:45:17.179 [info] Added views:timeline in workbench.view.explorer
2024-02-04 23:45:17.179 [info] Added views:workbench.explorer.fileView in workbench.view.explorer
2024-02-04 23:45:17.329 [info] Added views:workbench.debug.welcome in workbench.view.debug
2024-02-04 23:45:18.517 [info] Added views:gitlens.views.home,gitlens.views.drafts,gitlens.views.workspaces,gitlens.views.account in workbench.view.extension.gitlens
2024-02-04 23:45:18.517 [info] Added views:gitlens.views.commitDetails,gitlens.views.lineHistory,gitlens.views.fileHistory,gitlens.views.searchAndCompare in workbench.view.extension.gitlensInspect
2024-02-04 23:45:18.518 [info] Added views:gitlens.views.commits,gitlens.views.branches,gitlens.views.remotes,gitlens.views.stashes,gitlens.views.tags in workbench.view.scm
2024-02-04 23:45:18.518 [info] Added views:dockerContainers,dockerImages,dockerRegistries,dockerNetworks,dockerVolumes,vscode-docker.views.dockerContexts,vscode-docker.views.help in workbench.view.extension.dockerView
2024-02-04 23:45:18.541 [info] Added views:~remote.forwardedPorts in ~remote.forwardedPortsContainer
2024-02-04 23:45:18.733 [info] Added views:workbench.panel.repl.view in workbench.panel.repl
2024-02-04 23:45:20.376 [info] Added views:gitlens.views.graph,gitlens.views.graphDetails in workbench.view.extension.gitlensPanel
2024-02-04 23:45:20.377 [info] Added views:gitlens.views.timeline in workbench.view.extension.gitlensInspect
2024-02-04 23:45:20.377 [info] Added views:gitlens.views.worktrees in workbench.view.scm
2024-02-04 23:45:33.373 [info] Added views:workbench.views.extensions.installed,workbench.views.extensions.popular,extensions.recommendedList in workbench.view.extensions
2024-02-04 23:45:33.374 [info] Removed views:workbench.views.extensions.popular from workbench.view.extensions
