2024-02-02 23:31:19.017 [info] Log level: Info
2024-02-02 23:31:19.017 [info] Validating found git in: "git"
2024-02-02 23:31:19.017 [info] Using git "2.43.0" from "git"
2024-02-02 23:31:19.017 [info] > git rev-parse --show-toplevel [1ms]
2024-02-02 23:31:19.017 [info] fatal: not a git repository (or any parent up to mount point /)
Stopping at filesystem boundary (GIT_DISCOVERY_ACROSS_FILESYSTEM not set).
2024-02-02 23:31:19.017 [info] > git rev-parse --show-toplevel [1ms]
2024-02-02 23:31:19.017 [info] fatal: not a git repository (or any parent up to mount point /)
Stopping at filesystem boundary (GIT_DISCOVERY_ACROSS_FILESYSTEM not set).
2024-02-02 23:31:19.017 [info] > git rev-parse --show-toplevel [6ms]
2024-02-02 23:31:19.017 [info] fatal: not a git repository (or any parent up to mount point /)
Stopping at filesystem boundary (GIT_DISCOVERY_ACROSS_FILESYSTEM not set).
2024-02-02 23:31:19.023 [info] > git rev-parse --show-toplevel [1ms]
2024-02-02 23:31:19.023 [info] fatal: not a git repository (or any parent up to mount point /)
Stopping at filesystem boundary (GIT_DISCOVERY_ACROSS_FILESYSTEM not set).
2024-02-02 23:31:19.294 [info] > git rev-parse --show-toplevel [39ms]
2024-02-02 23:31:19.294 [info] fatal: not a git repository (or any parent up to mount point /)
Stopping at filesystem boundary (GIT_DISCOVERY_ACROSS_FILESYSTEM not set).
2024-02-02 23:31:19.485 [info] > git rev-parse --show-toplevel [8ms]
2024-02-02 23:31:19.485 [info] fatal: not a git repository (or any parent up to mount point /)
Stopping at filesystem boundary (GIT_DISCOVERY_ACROSS_FILESYSTEM not set).
2024-02-02 23:31:33.644 [info] Log level: Info
2024-02-02 23:31:33.644 [info] Validating found git in: "git"
2024-02-02 23:31:33.644 [info] Using git "2.43.0" from "git"
2024-02-02 23:31:33.644 [info] > git rev-parse --show-toplevel [6ms]
2024-02-02 23:31:33.644 [info] fatal: not a git repository (or any parent up to mount point /)
Stopping at filesystem boundary (GIT_DISCOVERY_ACROSS_FILESYSTEM not set).
2024-02-02 23:31:33.896 [info] > git rev-parse --show-toplevel [55ms]
2024-02-02 23:31:33.896 [info] fatal: not a git repository (or any parent up to mount point /)
Stopping at filesystem boundary (GIT_DISCOVERY_ACROSS_FILESYSTEM not set).
2024-02-02 23:32:00.212 [info] Log level: Info
2024-02-02 23:32:00.212 [info] Validating found git in: "git"
2024-02-02 23:32:00.212 [info] Using git "2.43.0" from "git"
2024-02-02 23:32:00.212 [info] > git rev-parse --show-toplevel [1ms]
2024-02-02 23:32:00.212 [info] fatal: not a git repository (or any parent up to mount point /)
Stopping at filesystem boundary (GIT_DISCOVERY_ACROSS_FILESYSTEM not set).
2024-02-02 23:32:00.212 [info] > git rev-parse --show-toplevel [0ms]
2024-02-02 23:32:00.212 [info] fatal: not a git repository (or any parent up to mount point /)
Stopping at filesystem boundary (GIT_DISCOVERY_ACROSS_FILESYSTEM not set).
2024-02-02 23:32:00.212 [info] > git rev-parse --show-toplevel [0ms]
2024-02-02 23:32:00.212 [info] fatal: not a git repository (or any parent up to mount point /)
Stopping at filesystem boundary (GIT_DISCOVERY_ACROSS_FILESYSTEM not set).
2024-02-02 23:32:00.212 [info] > git rev-parse --show-toplevel [2ms]
2024-02-02 23:32:00.212 [info] fatal: not a git repository (or any parent up to mount point /)
Stopping at filesystem boundary (GIT_DISCOVERY_ACROSS_FILESYSTEM not set).
2024-02-02 23:32:00.492 [info] > git rev-parse --show-toplevel [1ms]
2024-02-02 23:32:00.492 [info] fatal: not a git repository (or any parent up to mount point /)
Stopping at filesystem boundary (GIT_DISCOVERY_ACROSS_FILESYSTEM not set).
2024-02-02 23:32:00.695 [info] > git rev-parse --show-toplevel [9ms]
2024-02-02 23:32:00.695 [info] fatal: not a git repository (or any parent up to mount point /)
Stopping at filesystem boundary (GIT_DISCOVERY_ACROSS_FILESYSTEM not set).
2024-02-02 23:32:02.408 [info] > git rev-parse --show-toplevel [2ms]
2024-02-02 23:32:02.408 [info] fatal: not a git repository (or any parent up to mount point /)
Stopping at filesystem boundary (GIT_DISCOVERY_ACROSS_FILESYSTEM not set).
2024-02-02 23:32:03.749 [info] > git rev-parse --show-toplevel [3ms]
2024-02-02 23:32:03.749 [info] fatal: not a git repository (or any parent up to mount point /)
Stopping at filesystem boundary (GIT_DISCOVERY_ACROSS_FILESYSTEM not set).
2024-02-02 23:32:07.784 [info] > git rev-parse --show-toplevel [1ms]
2024-02-02 23:32:07.784 [info] fatal: not a git repository (or any parent up to mount point /)
Stopping at filesystem boundary (GIT_DISCOVERY_ACROSS_FILESYSTEM not set).
