2024-02-02 23:31:18.701 [info] Extension host with pid 11394 started
2024-02-02 23:31:18.701 [info] Skipping acquiring lock for /home/tjr/.config/Code/User/workspaceStorage/cef9f0b2e9e2764a8e8709861618fe53.
2024-02-02 23:31:18.773 [info] ExtensionService#_doActivateExtension vscode.emmet, startup: false, activationEvent: 'onLanguage'
2024-02-02 23:31:18.835 [info] ExtensionService#_doActivateExtension vscode.git-base, startup: true, activationEvent: '*', root cause: vscode.git
2024-02-02 23:31:18.836 [info] ExtensionService#_doActivateExtension formulahendry.auto-close-tag, startup: true, activationEvent: '*'
2024-02-02 23:31:18.837 [info] ExtensionService#_doActivateExtension formulahendry.auto-rename-tag, startup: true, activationEvent: '*'
2024-02-02 23:31:18.843 [info] ExtensionService#_doActivateExtension icrawl.discord-vscode, startup: true, activationEvent: '*'
2024-02-02 23:31:18.851 [info] ExtensionService#_doActivateExtension kamikillerto.vscode-colorize, startup: true, activationEvent: '*'
2024-02-02 23:31:18.863 [info] ExtensionService#_doActivateExtension WakaTime.vscode-wakatime, startup: true, activationEvent: '*'
2024-02-02 23:31:18.913 [info] ExtensionService#_doActivateExtension vscode.git, startup: true, activationEvent: '*'
2024-02-02 23:31:18.927 [info] ExtensionService#_doActivateExtension vscode.github, startup: true, activationEvent: '*'
2024-02-02 23:31:19.036 [info] Eager extensions activated
2024-02-02 23:31:19.092 [info] ExtensionService#_doActivateExtension vscode.debug-auto-launch, startup: false, activationEvent: 'onStartupFinished'
2024-02-02 23:31:19.094 [info] ExtensionService#_doActivateExtension vscode.merge-conflict, startup: false, activationEvent: 'onStartupFinished'
2024-02-02 23:31:19.099 [info] ExtensionService#_doActivateExtension eamodio.gitlens, startup: false, activationEvent: 'onStartupFinished'
2024-02-02 23:31:19.120 [info] ExtensionService#_doActivateExtension ecmel.vscode-html-css, startup: false, activationEvent: 'onStartupFinished'
2024-02-02 23:31:19.121 [info] ExtensionService#_doActivateExtension esbenp.prettier-vscode, startup: false, activationEvent: 'onStartupFinished'
2024-02-02 23:31:19.139 [info] ExtensionService#_doActivateExtension formulahendry.code-runner, startup: false, activationEvent: 'onStartupFinished'
2024-02-02 23:31:19.147 [info] ExtensionService#_doActivateExtension hoovercj.vscode-power-mode, startup: false, activationEvent: 'onStartupFinished'
2024-02-02 23:31:19.152 [info] ExtensionService#_doActivateExtension PKief.material-icon-theme, startup: false, activationEvent: 'onStartupFinished'
2024-02-02 23:31:19.156 [info] ExtensionService#_doActivateExtension ritwickdey.LiveServer, startup: false, activationEvent: 'onStartupFinished'
2024-02-02 23:31:19.158 [info] ExtensionService#_doActivateExtension streetsidesoftware.code-spell-checker, startup: false, activationEvent: 'onStartupFinished'
2024-02-02 23:31:19.179 [info] ExtensionService#_doActivateExtension zhuangtongfa.material-theme, startup: false, activationEvent: 'onStartupFinished'
2024-02-02 23:31:19.300 [info] ExtensionService#_doActivateExtension vscode.github-authentication, startup: false, activationEvent: 'onAuthenticationRequest:github'
2024-02-02 23:31:19.965 [error] TypeError: Cannot read properties of null (reading 'write')
    at IPCTransport.send (/home/tjr/.vscode/extensions/icrawl.discord-vscode-5.8.0/dist/extension.js:2:24881)
    at /home/tjr/.vscode/extensions/icrawl.discord-vscode-5.8.0/dist/extension.js:2:24968
    at new Promise (<anonymous>)
    at IPCTransport.close (/home/tjr/.vscode/extensions/icrawl.discord-vscode-5.8.0/dist/extension.js:2:24925)
    at RPCClient.destroy (/home/tjr/.vscode/extensions/icrawl.discord-vscode-5.8.0/dist/extension.js:2:18626)
    at login (/home/tjr/.vscode/extensions/icrawl.discord-vscode-5.8.0/dist/extension.js:2:149260)
    at processTicksAndRejections (node:internal/process/task_queues:95:5)
    at activate (/home/tjr/.vscode/extensions/icrawl.discord-vscode-5.8.0/dist/extension.js:2:151363)
    at u.n (/opt/visual-studio-code/resources/app/out/vs/workbench/api/node/extensionHostProcess.js:140:6255)
    at u.m (/opt/visual-studio-code/resources/app/out/vs/workbench/api/node/extensionHostProcess.js:140:6218)
    at u.l (/opt/visual-studio-code/resources/app/out/vs/workbench/api/node/extensionHostProcess.js:140:5675)
2024-02-02 23:31:32.804 [info] Extension host terminating: renderer closed the MessagePort
2024-02-02 23:31:32.840 [error] Canceled: Canceled
    at new g (/opt/visual-studio-code/resources/app/out/vs/workbench/api/node/extensionHostProcess.js:141:110274)
    at l.U (/opt/visual-studio-code/resources/app/out/vs/workbench/api/node/extensionHostProcess.js:150:10866)
    at Proxy.P.<computed>.j.charCodeAt.P.<computed> (/opt/visual-studio-code/resources/app/out/vs/workbench/api/node/extensionHostProcess.js:150:8317)
    at d.g (/opt/visual-studio-code/resources/app/out/vs/workbench/api/node/extensionHostProcess.js:141:139555)
    at d.executeCommand (/opt/visual-studio-code/resources/app/out/vs/workbench/api/node/extensionHostProcess.js:141:138993)
    at p.registerCommand.description (/opt/visual-studio-code/resources/app/out/vs/workbench/api/node/extensionHostProcess.js:141:138317)
    at d.h (/opt/visual-studio-code/resources/app/out/vs/workbench/api/node/extensionHostProcess.js:141:140094)
    at d.g (/opt/visual-studio-code/resources/app/out/vs/workbench/api/node/extensionHostProcess.js:141:139086)
    at d.executeCommand (/opt/visual-studio-code/resources/app/out/vs/workbench/api/node/extensionHostProcess.js:141:138993)
    at Object.executeCommand (/opt/visual-studio-code/resources/app/out/vs/workbench/api/node/extensionHostProcess.js:158:21333)
    at w (/home/tjr/.vscode/extensions/eamodio.gitlens-14.7.0/dist/gitlens.js:1077:40655)
    at h (/home/tjr/.vscode/extensions/eamodio.gitlens-14.7.0/dist/gitlens.js:1077:45702)
    at ActionRunners._updateContextKeys (/home/tjr/.vscode/extensions/eamodio.gitlens-14.7.0/dist/gitlens.js:663:17573)
    at s (/home/tjr/.vscode/extensions/eamodio.gitlens-14.7.0/dist/gitlens.js:663:16017)
    at RegisteredActionRunner.unregister (/home/tjr/.vscode/extensions/eamodio.gitlens-14.7.0/dist/gitlens.js:663:16160)
    at RegisteredActionRunner.dispose (/home/tjr/.vscode/extensions/eamodio.gitlens-14.7.0/dist/gitlens.js:663:14813)
    at ActionRunners.dispose (/home/tjr/.vscode/extensions/eamodio.gitlens-14.7.0/dist/gitlens.js:663:15600)
    at /home/tjr/.vscode/extensions/eamodio.gitlens-14.7.0/dist/gitlens.js:1037:19287
    at Array.forEach (<anonymous>)
    at Object.dispose (/home/tjr/.vscode/extensions/eamodio.gitlens-14.7.0/dist/gitlens.js:1037:19269)
    at s (/opt/visual-studio-code/resources/app/out/vs/workbench/api/node/extensionHostProcess.js:30:754)
    at f.cb (/opt/visual-studio-code/resources/app/out/vs/workbench/api/node/extensionHostProcess.js:154:9873)
    at /opt/visual-studio-code/resources/app/out/vs/workbench/api/node/extensionHostProcess.js:154:7808
    at Array.map (<anonymous>)
    at f.Y (/opt/visual-studio-code/resources/app/out/vs/workbench/api/node/extensionHostProcess.js:154:7795)
    at f.terminate (/opt/visual-studio-code/resources/app/out/vs/workbench/api/node/extensionHostProcess.js:154:8068)
    at s.terminate (/opt/visual-studio-code/resources/app/out/vs/workbench/api/node/extensionHostProcess.js:158:1513)
    at a (/opt/visual-studio-code/resources/app/out/vs/workbench/api/node/extensionHostProcess.js:171:9802)
    at MessagePortMain.<anonymous> (/opt/visual-studio-code/resources/app/out/vs/workbench/api/node/extensionHostProcess.js:171:6227)
    at MessagePortMain.emit (node:events:513:28)
    at Object.MessagePortMain._internalPort.emit (node:electron/js2c/utility_init:2:367) setContext undefined
2024-02-02 23:31:32.841 [error] Canceled: Canceled
    at new g (/opt/visual-studio-code/resources/app/out/vs/workbench/api/node/extensionHostProcess.js:141:110274)
    at l.U (/opt/visual-studio-code/resources/app/out/vs/workbench/api/node/extensionHostProcess.js:150:10866)
    at Proxy.P.<computed>.j.charCodeAt.P.<computed> (/opt/visual-studio-code/resources/app/out/vs/workbench/api/node/extensionHostProcess.js:150:8317)
    at d.g (/opt/visual-studio-code/resources/app/out/vs/workbench/api/node/extensionHostProcess.js:141:139555)
    at d.executeCommand (/opt/visual-studio-code/resources/app/out/vs/workbench/api/node/extensionHostProcess.js:141:138993)
    at p.registerCommand.description (/opt/visual-studio-code/resources/app/out/vs/workbench/api/node/extensionHostProcess.js:141:138317)
    at d.h (/opt/visual-studio-code/resources/app/out/vs/workbench/api/node/extensionHostProcess.js:141:140094)
    at d.g (/opt/visual-studio-code/resources/app/out/vs/workbench/api/node/extensionHostProcess.js:141:139086)
    at d.executeCommand (/opt/visual-studio-code/resources/app/out/vs/workbench/api/node/extensionHostProcess.js:141:138993)
    at Object.executeCommand (/opt/visual-studio-code/resources/app/out/vs/workbench/api/node/extensionHostProcess.js:158:21333)
    at w (/home/tjr/.vscode/extensions/eamodio.gitlens-14.7.0/dist/gitlens.js:1077:40655)
    at h (/home/tjr/.vscode/extensions/eamodio.gitlens-14.7.0/dist/gitlens.js:1077:45702)
    at ActionRunners._updateContextKeys (/home/tjr/.vscode/extensions/eamodio.gitlens-14.7.0/dist/gitlens.js:663:17573)
    at s (/home/tjr/.vscode/extensions/eamodio.gitlens-14.7.0/dist/gitlens.js:663:16017)
    at RegisteredActionRunner.unregister (/home/tjr/.vscode/extensions/eamodio.gitlens-14.7.0/dist/gitlens.js:663:16160)
    at RegisteredActionRunner.dispose (/home/tjr/.vscode/extensions/eamodio.gitlens-14.7.0/dist/gitlens.js:663:14813)
    at ActionRunners.dispose (/home/tjr/.vscode/extensions/eamodio.gitlens-14.7.0/dist/gitlens.js:663:15600)
    at /home/tjr/.vscode/extensions/eamodio.gitlens-14.7.0/dist/gitlens.js:1037:19287
    at Array.forEach (<anonymous>)
    at Object.dispose (/home/tjr/.vscode/extensions/eamodio.gitlens-14.7.0/dist/gitlens.js:1037:19269)
    at s (/opt/visual-studio-code/resources/app/out/vs/workbench/api/node/extensionHostProcess.js:30:754)
    at f.cb (/opt/visual-studio-code/resources/app/out/vs/workbench/api/node/extensionHostProcess.js:154:9873)
    at /opt/visual-studio-code/resources/app/out/vs/workbench/api/node/extensionHostProcess.js:154:7808
    at Array.map (<anonymous>)
    at f.Y (/opt/visual-studio-code/resources/app/out/vs/workbench/api/node/extensionHostProcess.js:154:7795)
    at f.terminate (/opt/visual-studio-code/resources/app/out/vs/workbench/api/node/extensionHostProcess.js:154:8068)
    at s.terminate (/opt/visual-studio-code/resources/app/out/vs/workbench/api/node/extensionHostProcess.js:158:1513)
    at a (/opt/visual-studio-code/resources/app/out/vs/workbench/api/node/extensionHostProcess.js:171:9802)
    at MessagePortMain.<anonymous> (/opt/visual-studio-code/resources/app/out/vs/workbench/api/node/extensionHostProcess.js:171:6227)
    at MessagePortMain.emit (node:events:513:28)
    at Object.MessagePortMain._internalPort.emit (node:electron/js2c/utility_init:2:367) setContext undefined
2024-02-02 23:31:32.841 [error] Canceled: Canceled
    at new g (/opt/visual-studio-code/resources/app/out/vs/workbench/api/node/extensionHostProcess.js:141:110274)
    at l.U (/opt/visual-studio-code/resources/app/out/vs/workbench/api/node/extensionHostProcess.js:150:10866)
    at Proxy.P.<computed>.j.charCodeAt.P.<computed> (/opt/visual-studio-code/resources/app/out/vs/workbench/api/node/extensionHostProcess.js:150:8317)
    at d.g (/opt/visual-studio-code/resources/app/out/vs/workbench/api/node/extensionHostProcess.js:141:139555)
    at d.executeCommand (/opt/visual-studio-code/resources/app/out/vs/workbench/api/node/extensionHostProcess.js:141:138993)
    at p.registerCommand.description (/opt/visual-studio-code/resources/app/out/vs/workbench/api/node/extensionHostProcess.js:141:138317)
    at d.h (/opt/visual-studio-code/resources/app/out/vs/workbench/api/node/extensionHostProcess.js:141:140094)
    at d.g (/opt/visual-studio-code/resources/app/out/vs/workbench/api/node/extensionHostProcess.js:141:139086)
    at d.executeCommand (/opt/visual-studio-code/resources/app/out/vs/workbench/api/node/extensionHostProcess.js:141:138993)
    at Object.executeCommand (/opt/visual-studio-code/resources/app/out/vs/workbench/api/node/extensionHostProcess.js:158:21333)
    at w (/home/tjr/.vscode/extensions/eamodio.gitlens-14.7.0/dist/gitlens.js:1077:40655)
    at h (/home/tjr/.vscode/extensions/eamodio.gitlens-14.7.0/dist/gitlens.js:1077:45702)
    at ActionRunners._updateContextKeys (/home/tjr/.vscode/extensions/eamodio.gitlens-14.7.0/dist/gitlens.js:663:17573)
    at s (/home/tjr/.vscode/extensions/eamodio.gitlens-14.7.0/dist/gitlens.js:663:16017)
    at RegisteredActionRunner.unregister (/home/tjr/.vscode/extensions/eamodio.gitlens-14.7.0/dist/gitlens.js:663:16160)
    at RegisteredActionRunner.dispose (/home/tjr/.vscode/extensions/eamodio.gitlens-14.7.0/dist/gitlens.js:663:14813)
    at ActionRunners.dispose (/home/tjr/.vscode/extensions/eamodio.gitlens-14.7.0/dist/gitlens.js:663:15600)
    at /home/tjr/.vscode/extensions/eamodio.gitlens-14.7.0/dist/gitlens.js:1037:19287
    at Array.forEach (<anonymous>)
    at Object.dispose (/home/tjr/.vscode/extensions/eamodio.gitlens-14.7.0/dist/gitlens.js:1037:19269)
    at s (/opt/visual-studio-code/resources/app/out/vs/workbench/api/node/extensionHostProcess.js:30:754)
    at f.cb (/opt/visual-studio-code/resources/app/out/vs/workbench/api/node/extensionHostProcess.js:154:9873)
    at /opt/visual-studio-code/resources/app/out/vs/workbench/api/node/extensionHostProcess.js:154:7808
    at Array.map (<anonymous>)
    at f.Y (/opt/visual-studio-code/resources/app/out/vs/workbench/api/node/extensionHostProcess.js:154:7795)
    at f.terminate (/opt/visual-studio-code/resources/app/out/vs/workbench/api/node/extensionHostProcess.js:154:8068)
    at s.terminate (/opt/visual-studio-code/resources/app/out/vs/workbench/api/node/extensionHostProcess.js:158:1513)
    at a (/opt/visual-studio-code/resources/app/out/vs/workbench/api/node/extensionHostProcess.js:171:9802)
    at MessagePortMain.<anonymous> (/opt/visual-studio-code/resources/app/out/vs/workbench/api/node/extensionHostProcess.js:171:6227)
    at MessagePortMain.emit (node:events:513:28)
    at Object.MessagePortMain._internalPort.emit (node:electron/js2c/utility_init:2:367) setContext undefined
2024-02-02 23:31:32.841 [info] Extension host with pid 11394 exiting with code 0
2024-02-02 23:31:33.419 [info] Extension host with pid 11677 started
2024-02-02 23:31:33.419 [info] Skipping acquiring lock for /home/tjr/.config/Code/User/workspaceStorage/edf8cc371c8807de4fa3f79bf5b01fb9.
2024-02-02 23:31:33.450 [info] ExtensionService#_doActivateExtension vscode.git-base, startup: true, activationEvent: '*', root cause: vscode.git
2024-02-02 23:31:33.452 [info] ExtensionService#_doActivateExtension formulahendry.auto-close-tag, startup: true, activationEvent: '*'
2024-02-02 23:31:33.453 [info] ExtensionService#_doActivateExtension formulahendry.auto-rename-tag, startup: true, activationEvent: '*'
2024-02-02 23:31:33.458 [info] ExtensionService#_doActivateExtension icrawl.discord-vscode, startup: true, activationEvent: '*'
2024-02-02 23:31:33.465 [info] ExtensionService#_doActivateExtension kamikillerto.vscode-colorize, startup: true, activationEvent: '*'
2024-02-02 23:31:33.474 [info] ExtensionService#_doActivateExtension WakaTime.vscode-wakatime, startup: true, activationEvent: '*'
2024-02-02 23:31:33.544 [info] ExtensionService#_doActivateExtension vscode.git, startup: true, activationEvent: '*'
2024-02-02 23:31:33.556 [info] ExtensionService#_doActivateExtension vscode.github, startup: true, activationEvent: '*'
2024-02-02 23:31:33.560 [info] ExtensionService#_doActivateExtension vscode.github-authentication, startup: false, activationEvent: 'onAuthenticationRequest:github'
2024-02-02 23:31:33.637 [info] Eager extensions activated
2024-02-02 23:31:33.679 [info] ExtensionService#_doActivateExtension vscode.debug-auto-launch, startup: false, activationEvent: 'onStartupFinished'
2024-02-02 23:31:33.681 [info] ExtensionService#_doActivateExtension vscode.merge-conflict, startup: false, activationEvent: 'onStartupFinished'
2024-02-02 23:31:33.685 [info] ExtensionService#_doActivateExtension eamodio.gitlens, startup: false, activationEvent: 'onStartupFinished'
2024-02-02 23:31:33.702 [info] ExtensionService#_doActivateExtension ecmel.vscode-html-css, startup: false, activationEvent: 'onStartupFinished'
2024-02-02 23:31:33.703 [info] ExtensionService#_doActivateExtension esbenp.prettier-vscode, startup: false, activationEvent: 'onStartupFinished'
2024-02-02 23:31:33.721 [info] ExtensionService#_doActivateExtension formulahendry.code-runner, startup: false, activationEvent: 'onStartupFinished'
2024-02-02 23:31:33.730 [info] ExtensionService#_doActivateExtension hoovercj.vscode-power-mode, startup: false, activationEvent: 'onStartupFinished'
2024-02-02 23:31:33.735 [info] ExtensionService#_doActivateExtension PKief.material-icon-theme, startup: false, activationEvent: 'onStartupFinished'
2024-02-02 23:31:33.739 [info] ExtensionService#_doActivateExtension ritwickdey.LiveServer, startup: false, activationEvent: 'onStartupFinished'
2024-02-02 23:31:33.742 [info] ExtensionService#_doActivateExtension streetsidesoftware.code-spell-checker, startup: false, activationEvent: 'onStartupFinished'
2024-02-02 23:31:33.761 [info] ExtensionService#_doActivateExtension zhuangtongfa.material-theme, startup: false, activationEvent: 'onStartupFinished'
2024-02-02 23:31:34.533 [error] TypeError: Cannot read properties of null (reading 'write')
    at IPCTransport.send (/home/tjr/.vscode/extensions/icrawl.discord-vscode-5.8.0/dist/extension.js:2:24881)
    at /home/tjr/.vscode/extensions/icrawl.discord-vscode-5.8.0/dist/extension.js:2:24968
    at new Promise (<anonymous>)
    at IPCTransport.close (/home/tjr/.vscode/extensions/icrawl.discord-vscode-5.8.0/dist/extension.js:2:24925)
    at RPCClient.destroy (/home/tjr/.vscode/extensions/icrawl.discord-vscode-5.8.0/dist/extension.js:2:18626)
    at login (/home/tjr/.vscode/extensions/icrawl.discord-vscode-5.8.0/dist/extension.js:2:149260)
    at processTicksAndRejections (node:internal/process/task_queues:95:5)
    at activate (/home/tjr/.vscode/extensions/icrawl.discord-vscode-5.8.0/dist/extension.js:2:151363)
    at u.n (/opt/visual-studio-code/resources/app/out/vs/workbench/api/node/extensionHostProcess.js:140:6255)
    at u.m (/opt/visual-studio-code/resources/app/out/vs/workbench/api/node/extensionHostProcess.js:140:6218)
    at u.l (/opt/visual-studio-code/resources/app/out/vs/workbench/api/node/extensionHostProcess.js:140:5675)
2024-02-02 23:31:59.310 [info] Extension host terminating: renderer closed the MessagePort
2024-02-02 23:31:59.331 [error] Canceled: Canceled
    at new g (/opt/visual-studio-code/resources/app/out/vs/workbench/api/node/extensionHostProcess.js:141:110274)
    at l.U (/opt/visual-studio-code/resources/app/out/vs/workbench/api/node/extensionHostProcess.js:150:10866)
    at Proxy.P.<computed>.j.charCodeAt.P.<computed> (/opt/visual-studio-code/resources/app/out/vs/workbench/api/node/extensionHostProcess.js:150:8317)
    at d.g (/opt/visual-studio-code/resources/app/out/vs/workbench/api/node/extensionHostProcess.js:141:139555)
    at d.executeCommand (/opt/visual-studio-code/resources/app/out/vs/workbench/api/node/extensionHostProcess.js:141:138993)
    at p.registerCommand.description (/opt/visual-studio-code/resources/app/out/vs/workbench/api/node/extensionHostProcess.js:141:138317)
    at d.h (/opt/visual-studio-code/resources/app/out/vs/workbench/api/node/extensionHostProcess.js:141:140094)
    at d.g (/opt/visual-studio-code/resources/app/out/vs/workbench/api/node/extensionHostProcess.js:141:139086)
    at d.executeCommand (/opt/visual-studio-code/resources/app/out/vs/workbench/api/node/extensionHostProcess.js:141:138993)
    at Object.executeCommand (/opt/visual-studio-code/resources/app/out/vs/workbench/api/node/extensionHostProcess.js:158:21333)
    at w (/home/tjr/.vscode/extensions/eamodio.gitlens-14.7.0/dist/gitlens.js:1077:40655)
    at h (/home/tjr/.vscode/extensions/eamodio.gitlens-14.7.0/dist/gitlens.js:1077:45702)
    at ActionRunners._updateContextKeys (/home/tjr/.vscode/extensions/eamodio.gitlens-14.7.0/dist/gitlens.js:663:17573)
    at s (/home/tjr/.vscode/extensions/eamodio.gitlens-14.7.0/dist/gitlens.js:663:16017)
    at RegisteredActionRunner.unregister (/home/tjr/.vscode/extensions/eamodio.gitlens-14.7.0/dist/gitlens.js:663:16160)
    at RegisteredActionRunner.dispose (/home/tjr/.vscode/extensions/eamodio.gitlens-14.7.0/dist/gitlens.js:663:14813)
    at ActionRunners.dispose (/home/tjr/.vscode/extensions/eamodio.gitlens-14.7.0/dist/gitlens.js:663:15600)
    at /home/tjr/.vscode/extensions/eamodio.gitlens-14.7.0/dist/gitlens.js:1037:19287
    at Array.forEach (<anonymous>)
    at Object.dispose (/home/tjr/.vscode/extensions/eamodio.gitlens-14.7.0/dist/gitlens.js:1037:19269)
    at s (/opt/visual-studio-code/resources/app/out/vs/workbench/api/node/extensionHostProcess.js:30:754)
    at f.cb (/opt/visual-studio-code/resources/app/out/vs/workbench/api/node/extensionHostProcess.js:154:9873)
    at /opt/visual-studio-code/resources/app/out/vs/workbench/api/node/extensionHostProcess.js:154:7808
    at Array.map (<anonymous>)
    at f.Y (/opt/visual-studio-code/resources/app/out/vs/workbench/api/node/extensionHostProcess.js:154:7795)
    at f.terminate (/opt/visual-studio-code/resources/app/out/vs/workbench/api/node/extensionHostProcess.js:154:8068)
    at s.terminate (/opt/visual-studio-code/resources/app/out/vs/workbench/api/node/extensionHostProcess.js:158:1513)
    at a (/opt/visual-studio-code/resources/app/out/vs/workbench/api/node/extensionHostProcess.js:171:9802)
    at MessagePortMain.<anonymous> (/opt/visual-studio-code/resources/app/out/vs/workbench/api/node/extensionHostProcess.js:171:6227)
    at MessagePortMain.emit (node:events:513:28)
    at Object.MessagePortMain._internalPort.emit (node:electron/js2c/utility_init:2:367) setContext undefined
2024-02-02 23:31:59.331 [error] Canceled: Canceled
    at new g (/opt/visual-studio-code/resources/app/out/vs/workbench/api/node/extensionHostProcess.js:141:110274)
    at l.U (/opt/visual-studio-code/resources/app/out/vs/workbench/api/node/extensionHostProcess.js:150:10866)
    at Proxy.P.<computed>.j.charCodeAt.P.<computed> (/opt/visual-studio-code/resources/app/out/vs/workbench/api/node/extensionHostProcess.js:150:8317)
    at d.g (/opt/visual-studio-code/resources/app/out/vs/workbench/api/node/extensionHostProcess.js:141:139555)
    at d.executeCommand (/opt/visual-studio-code/resources/app/out/vs/workbench/api/node/extensionHostProcess.js:141:138993)
    at p.registerCommand.description (/opt/visual-studio-code/resources/app/out/vs/workbench/api/node/extensionHostProcess.js:141:138317)
    at d.h (/opt/visual-studio-code/resources/app/out/vs/workbench/api/node/extensionHostProcess.js:141:140094)
    at d.g (/opt/visual-studio-code/resources/app/out/vs/workbench/api/node/extensionHostProcess.js:141:139086)
    at d.executeCommand (/opt/visual-studio-code/resources/app/out/vs/workbench/api/node/extensionHostProcess.js:141:138993)
    at Object.executeCommand (/opt/visual-studio-code/resources/app/out/vs/workbench/api/node/extensionHostProcess.js:158:21333)
    at w (/home/tjr/.vscode/extensions/eamodio.gitlens-14.7.0/dist/gitlens.js:1077:40655)
    at h (/home/tjr/.vscode/extensions/eamodio.gitlens-14.7.0/dist/gitlens.js:1077:45702)
    at ActionRunners._updateContextKeys (/home/tjr/.vscode/extensions/eamodio.gitlens-14.7.0/dist/gitlens.js:663:17573)
    at s (/home/tjr/.vscode/extensions/eamodio.gitlens-14.7.0/dist/gitlens.js:663:16017)
    at RegisteredActionRunner.unregister (/home/tjr/.vscode/extensions/eamodio.gitlens-14.7.0/dist/gitlens.js:663:16160)
    at RegisteredActionRunner.dispose (/home/tjr/.vscode/extensions/eamodio.gitlens-14.7.0/dist/gitlens.js:663:14813)
    at ActionRunners.dispose (/home/tjr/.vscode/extensions/eamodio.gitlens-14.7.0/dist/gitlens.js:663:15600)
    at /home/tjr/.vscode/extensions/eamodio.gitlens-14.7.0/dist/gitlens.js:1037:19287
    at Array.forEach (<anonymous>)
    at Object.dispose (/home/tjr/.vscode/extensions/eamodio.gitlens-14.7.0/dist/gitlens.js:1037:19269)
    at s (/opt/visual-studio-code/resources/app/out/vs/workbench/api/node/extensionHostProcess.js:30:754)
    at f.cb (/opt/visual-studio-code/resources/app/out/vs/workbench/api/node/extensionHostProcess.js:154:9873)
    at /opt/visual-studio-code/resources/app/out/vs/workbench/api/node/extensionHostProcess.js:154:7808
    at Array.map (<anonymous>)
    at f.Y (/opt/visual-studio-code/resources/app/out/vs/workbench/api/node/extensionHostProcess.js:154:7795)
    at f.terminate (/opt/visual-studio-code/resources/app/out/vs/workbench/api/node/extensionHostProcess.js:154:8068)
    at s.terminate (/opt/visual-studio-code/resources/app/out/vs/workbench/api/node/extensionHostProcess.js:158:1513)
    at a (/opt/visual-studio-code/resources/app/out/vs/workbench/api/node/extensionHostProcess.js:171:9802)
    at MessagePortMain.<anonymous> (/opt/visual-studio-code/resources/app/out/vs/workbench/api/node/extensionHostProcess.js:171:6227)
    at MessagePortMain.emit (node:events:513:28)
    at Object.MessagePortMain._internalPort.emit (node:electron/js2c/utility_init:2:367) setContext undefined
2024-02-02 23:31:59.331 [error] Canceled: Canceled
    at new g (/opt/visual-studio-code/resources/app/out/vs/workbench/api/node/extensionHostProcess.js:141:110274)
    at l.U (/opt/visual-studio-code/resources/app/out/vs/workbench/api/node/extensionHostProcess.js:150:10866)
    at Proxy.P.<computed>.j.charCodeAt.P.<computed> (/opt/visual-studio-code/resources/app/out/vs/workbench/api/node/extensionHostProcess.js:150:8317)
    at d.g (/opt/visual-studio-code/resources/app/out/vs/workbench/api/node/extensionHostProcess.js:141:139555)
    at d.executeCommand (/opt/visual-studio-code/resources/app/out/vs/workbench/api/node/extensionHostProcess.js:141:138993)
    at p.registerCommand.description (/opt/visual-studio-code/resources/app/out/vs/workbench/api/node/extensionHostProcess.js:141:138317)
    at d.h (/opt/visual-studio-code/resources/app/out/vs/workbench/api/node/extensionHostProcess.js:141:140094)
    at d.g (/opt/visual-studio-code/resources/app/out/vs/workbench/api/node/extensionHostProcess.js:141:139086)
    at d.executeCommand (/opt/visual-studio-code/resources/app/out/vs/workbench/api/node/extensionHostProcess.js:141:138993)
    at Object.executeCommand (/opt/visual-studio-code/resources/app/out/vs/workbench/api/node/extensionHostProcess.js:158:21333)
    at w (/home/tjr/.vscode/extensions/eamodio.gitlens-14.7.0/dist/gitlens.js:1077:40655)
    at h (/home/tjr/.vscode/extensions/eamodio.gitlens-14.7.0/dist/gitlens.js:1077:45702)
    at ActionRunners._updateContextKeys (/home/tjr/.vscode/extensions/eamodio.gitlens-14.7.0/dist/gitlens.js:663:17573)
    at s (/home/tjr/.vscode/extensions/eamodio.gitlens-14.7.0/dist/gitlens.js:663:16017)
    at RegisteredActionRunner.unregister (/home/tjr/.vscode/extensions/eamodio.gitlens-14.7.0/dist/gitlens.js:663:16160)
    at RegisteredActionRunner.dispose (/home/tjr/.vscode/extensions/eamodio.gitlens-14.7.0/dist/gitlens.js:663:14813)
    at ActionRunners.dispose (/home/tjr/.vscode/extensions/eamodio.gitlens-14.7.0/dist/gitlens.js:663:15600)
    at /home/tjr/.vscode/extensions/eamodio.gitlens-14.7.0/dist/gitlens.js:1037:19287
    at Array.forEach (<anonymous>)
    at Object.dispose (/home/tjr/.vscode/extensions/eamodio.gitlens-14.7.0/dist/gitlens.js:1037:19269)
    at s (/opt/visual-studio-code/resources/app/out/vs/workbench/api/node/extensionHostProcess.js:30:754)
    at f.cb (/opt/visual-studio-code/resources/app/out/vs/workbench/api/node/extensionHostProcess.js:154:9873)
    at /opt/visual-studio-code/resources/app/out/vs/workbench/api/node/extensionHostProcess.js:154:7808
    at Array.map (<anonymous>)
    at f.Y (/opt/visual-studio-code/resources/app/out/vs/workbench/api/node/extensionHostProcess.js:154:7795)
    at f.terminate (/opt/visual-studio-code/resources/app/out/vs/workbench/api/node/extensionHostProcess.js:154:8068)
    at s.terminate (/opt/visual-studio-code/resources/app/out/vs/workbench/api/node/extensionHostProcess.js:158:1513)
    at a (/opt/visual-studio-code/resources/app/out/vs/workbench/api/node/extensionHostProcess.js:171:9802)
    at MessagePortMain.<anonymous> (/opt/visual-studio-code/resources/app/out/vs/workbench/api/node/extensionHostProcess.js:171:6227)
    at MessagePortMain.emit (node:events:513:28)
    at Object.MessagePortMain._internalPort.emit (node:electron/js2c/utility_init:2:367) setContext undefined
2024-02-02 23:31:59.332 [info] Extension host with pid 11677 exiting with code 0
2024-02-02 23:31:59.985 [info] Extension host with pid 11836 started
2024-02-02 23:31:59.985 [info] Skipping acquiring lock for /home/tjr/.config/Code/User/workspaceStorage/cef9f0b2e9e2764a8e8709861618fe53.
2024-02-02 23:31:59.998 [info] ExtensionService#_doActivateExtension vscode.emmet, startup: false, activationEvent: 'onLanguage'
2024-02-02 23:32:00.045 [info] ExtensionService#_doActivateExtension vscode.git-base, startup: true, activationEvent: '*', root cause: vscode.git
2024-02-02 23:32:00.047 [info] ExtensionService#_doActivateExtension formulahendry.auto-close-tag, startup: true, activationEvent: '*'
2024-02-02 23:32:00.048 [info] ExtensionService#_doActivateExtension formulahendry.auto-rename-tag, startup: true, activationEvent: '*'
2024-02-02 23:32:00.056 [info] ExtensionService#_doActivateExtension icrawl.discord-vscode, startup: true, activationEvent: '*'
2024-02-02 23:32:00.061 [info] ExtensionService#_doActivateExtension kamikillerto.vscode-colorize, startup: true, activationEvent: '*'
2024-02-02 23:32:00.071 [info] ExtensionService#_doActivateExtension WakaTime.vscode-wakatime, startup: true, activationEvent: '*'
2024-02-02 23:32:00.125 [info] ExtensionService#_doActivateExtension vscode.git, startup: true, activationEvent: '*'
2024-02-02 23:32:00.139 [info] ExtensionService#_doActivateExtension vscode.github, startup: true, activationEvent: '*'
2024-02-02 23:32:00.219 [info] ExtensionService#_doActivateExtension vscode.github-authentication, startup: false, activationEvent: 'onAuthenticationRequest:github'
2024-02-02 23:32:00.232 [info] Eager extensions activated
2024-02-02 23:32:00.262 [info] ExtensionService#_doActivateExtension vscode.debug-auto-launch, startup: false, activationEvent: 'onStartupFinished'
2024-02-02 23:32:00.264 [info] ExtensionService#_doActivateExtension vscode.merge-conflict, startup: false, activationEvent: 'onStartupFinished'
2024-02-02 23:32:00.267 [info] ExtensionService#_doActivateExtension eamodio.gitlens, startup: false, activationEvent: 'onStartupFinished'
2024-02-02 23:32:00.286 [info] ExtensionService#_doActivateExtension ecmel.vscode-html-css, startup: false, activationEvent: 'onStartupFinished'
2024-02-02 23:32:00.287 [info] ExtensionService#_doActivateExtension esbenp.prettier-vscode, startup: false, activationEvent: 'onStartupFinished'
2024-02-02 23:32:00.304 [info] ExtensionService#_doActivateExtension formulahendry.code-runner, startup: false, activationEvent: 'onStartupFinished'
2024-02-02 23:32:00.313 [info] ExtensionService#_doActivateExtension hoovercj.vscode-power-mode, startup: false, activationEvent: 'onStartupFinished'
2024-02-02 23:32:00.318 [info] ExtensionService#_doActivateExtension PKief.material-icon-theme, startup: false, activationEvent: 'onStartupFinished'
2024-02-02 23:32:00.321 [info] ExtensionService#_doActivateExtension ritwickdey.LiveServer, startup: false, activationEvent: 'onStartupFinished'
2024-02-02 23:32:00.324 [info] ExtensionService#_doActivateExtension streetsidesoftware.code-spell-checker, startup: false, activationEvent: 'onStartupFinished'
2024-02-02 23:32:00.345 [info] ExtensionService#_doActivateExtension zhuangtongfa.material-theme, startup: false, activationEvent: 'onStartupFinished'
2024-02-02 23:32:01.150 [error] TypeError: Cannot read properties of null (reading 'write')
    at IPCTransport.send (/home/tjr/.vscode/extensions/icrawl.discord-vscode-5.8.0/dist/extension.js:2:24881)
    at /home/tjr/.vscode/extensions/icrawl.discord-vscode-5.8.0/dist/extension.js:2:24968
    at new Promise (<anonymous>)
    at IPCTransport.close (/home/tjr/.vscode/extensions/icrawl.discord-vscode-5.8.0/dist/extension.js:2:24925)
    at RPCClient.destroy (/home/tjr/.vscode/extensions/icrawl.discord-vscode-5.8.0/dist/extension.js:2:18626)
    at login (/home/tjr/.vscode/extensions/icrawl.discord-vscode-5.8.0/dist/extension.js:2:149260)
    at processTicksAndRejections (node:internal/process/task_queues:95:5)
    at activate (/home/tjr/.vscode/extensions/icrawl.discord-vscode-5.8.0/dist/extension.js:2:151363)
    at u.n (/opt/visual-studio-code/resources/app/out/vs/workbench/api/node/extensionHostProcess.js:140:6255)
    at u.m (/opt/visual-studio-code/resources/app/out/vs/workbench/api/node/extensionHostProcess.js:140:6218)
    at u.l (/opt/visual-studio-code/resources/app/out/vs/workbench/api/node/extensionHostProcess.js:140:5675)
2024-02-02 23:32:02.420 [info] ExtensionService#_doActivateExtension vscode.json-language-features, startup: false, activationEvent: 'onLanguage:jsonc'
2024-02-02 23:32:02.430 [info] ExtensionService#_doActivateExtension vscode.typescript-language-features, startup: false, activationEvent: 'onLanguage:jsonc'
2024-02-02 23:32:30.524 [info] Extension host terminating: renderer closed the MessagePort
2024-02-02 23:32:30.554 [error] Canceled: Canceled
    at new g (/opt/visual-studio-code/resources/app/out/vs/workbench/api/node/extensionHostProcess.js:141:110274)
    at l.U (/opt/visual-studio-code/resources/app/out/vs/workbench/api/node/extensionHostProcess.js:150:10866)
    at Proxy.P.<computed>.j.charCodeAt.P.<computed> (/opt/visual-studio-code/resources/app/out/vs/workbench/api/node/extensionHostProcess.js:150:8317)
    at d.g (/opt/visual-studio-code/resources/app/out/vs/workbench/api/node/extensionHostProcess.js:141:139555)
    at d.executeCommand (/opt/visual-studio-code/resources/app/out/vs/workbench/api/node/extensionHostProcess.js:141:138993)
    at p.registerCommand.description (/opt/visual-studio-code/resources/app/out/vs/workbench/api/node/extensionHostProcess.js:141:138317)
    at d.h (/opt/visual-studio-code/resources/app/out/vs/workbench/api/node/extensionHostProcess.js:141:140094)
    at d.g (/opt/visual-studio-code/resources/app/out/vs/workbench/api/node/extensionHostProcess.js:141:139086)
    at d.executeCommand (/opt/visual-studio-code/resources/app/out/vs/workbench/api/node/extensionHostProcess.js:141:138993)
    at Object.executeCommand (/opt/visual-studio-code/resources/app/out/vs/workbench/api/node/extensionHostProcess.js:158:21333)
    at w (/home/tjr/.vscode/extensions/eamodio.gitlens-14.7.0/dist/gitlens.js:1077:40655)
    at h (/home/tjr/.vscode/extensions/eamodio.gitlens-14.7.0/dist/gitlens.js:1077:45702)
    at ActionRunners._updateContextKeys (/home/tjr/.vscode/extensions/eamodio.gitlens-14.7.0/dist/gitlens.js:663:17573)
    at s (/home/tjr/.vscode/extensions/eamodio.gitlens-14.7.0/dist/gitlens.js:663:16017)
    at RegisteredActionRunner.unregister (/home/tjr/.vscode/extensions/eamodio.gitlens-14.7.0/dist/gitlens.js:663:16160)
    at RegisteredActionRunner.dispose (/home/tjr/.vscode/extensions/eamodio.gitlens-14.7.0/dist/gitlens.js:663:14813)
    at ActionRunners.dispose (/home/tjr/.vscode/extensions/eamodio.gitlens-14.7.0/dist/gitlens.js:663:15600)
    at /home/tjr/.vscode/extensions/eamodio.gitlens-14.7.0/dist/gitlens.js:1037:19287
    at Array.forEach (<anonymous>)
    at Object.dispose (/home/tjr/.vscode/extensions/eamodio.gitlens-14.7.0/dist/gitlens.js:1037:19269)
    at s (/opt/visual-studio-code/resources/app/out/vs/workbench/api/node/extensionHostProcess.js:30:754)
    at f.cb (/opt/visual-studio-code/resources/app/out/vs/workbench/api/node/extensionHostProcess.js:154:9873)
    at /opt/visual-studio-code/resources/app/out/vs/workbench/api/node/extensionHostProcess.js:154:7808
    at Array.map (<anonymous>)
    at f.Y (/opt/visual-studio-code/resources/app/out/vs/workbench/api/node/extensionHostProcess.js:154:7795)
    at f.terminate (/opt/visual-studio-code/resources/app/out/vs/workbench/api/node/extensionHostProcess.js:154:8068)
    at s.terminate (/opt/visual-studio-code/resources/app/out/vs/workbench/api/node/extensionHostProcess.js:158:1513)
    at a (/opt/visual-studio-code/resources/app/out/vs/workbench/api/node/extensionHostProcess.js:171:9802)
    at MessagePortMain.<anonymous> (/opt/visual-studio-code/resources/app/out/vs/workbench/api/node/extensionHostProcess.js:171:6227)
    at MessagePortMain.emit (node:events:513:28)
    at Object.MessagePortMain._internalPort.emit (node:electron/js2c/utility_init:2:367) setContext undefined
2024-02-02 23:32:30.555 [error] Canceled: Canceled
    at new g (/opt/visual-studio-code/resources/app/out/vs/workbench/api/node/extensionHostProcess.js:141:110274)
    at l.U (/opt/visual-studio-code/resources/app/out/vs/workbench/api/node/extensionHostProcess.js:150:10866)
    at Proxy.P.<computed>.j.charCodeAt.P.<computed> (/opt/visual-studio-code/resources/app/out/vs/workbench/api/node/extensionHostProcess.js:150:8317)
    at d.g (/opt/visual-studio-code/resources/app/out/vs/workbench/api/node/extensionHostProcess.js:141:139555)
    at d.executeCommand (/opt/visual-studio-code/resources/app/out/vs/workbench/api/node/extensionHostProcess.js:141:138993)
    at p.registerCommand.description (/opt/visual-studio-code/resources/app/out/vs/workbench/api/node/extensionHostProcess.js:141:138317)
    at d.h (/opt/visual-studio-code/resources/app/out/vs/workbench/api/node/extensionHostProcess.js:141:140094)
    at d.g (/opt/visual-studio-code/resources/app/out/vs/workbench/api/node/extensionHostProcess.js:141:139086)
    at d.executeCommand (/opt/visual-studio-code/resources/app/out/vs/workbench/api/node/extensionHostProcess.js:141:138993)
    at Object.executeCommand (/opt/visual-studio-code/resources/app/out/vs/workbench/api/node/extensionHostProcess.js:158:21333)
    at w (/home/tjr/.vscode/extensions/eamodio.gitlens-14.7.0/dist/gitlens.js:1077:40655)
    at h (/home/tjr/.vscode/extensions/eamodio.gitlens-14.7.0/dist/gitlens.js:1077:45702)
    at ActionRunners._updateContextKeys (/home/tjr/.vscode/extensions/eamodio.gitlens-14.7.0/dist/gitlens.js:663:17573)
    at s (/home/tjr/.vscode/extensions/eamodio.gitlens-14.7.0/dist/gitlens.js:663:16017)
    at RegisteredActionRunner.unregister (/home/tjr/.vscode/extensions/eamodio.gitlens-14.7.0/dist/gitlens.js:663:16160)
    at RegisteredActionRunner.dispose (/home/tjr/.vscode/extensions/eamodio.gitlens-14.7.0/dist/gitlens.js:663:14813)
    at ActionRunners.dispose (/home/tjr/.vscode/extensions/eamodio.gitlens-14.7.0/dist/gitlens.js:663:15600)
    at /home/tjr/.vscode/extensions/eamodio.gitlens-14.7.0/dist/gitlens.js:1037:19287
    at Array.forEach (<anonymous>)
    at Object.dispose (/home/tjr/.vscode/extensions/eamodio.gitlens-14.7.0/dist/gitlens.js:1037:19269)
    at s (/opt/visual-studio-code/resources/app/out/vs/workbench/api/node/extensionHostProcess.js:30:754)
    at f.cb (/opt/visual-studio-code/resources/app/out/vs/workbench/api/node/extensionHostProcess.js:154:9873)
    at /opt/visual-studio-code/resources/app/out/vs/workbench/api/node/extensionHostProcess.js:154:7808
    at Array.map (<anonymous>)
    at f.Y (/opt/visual-studio-code/resources/app/out/vs/workbench/api/node/extensionHostProcess.js:154:7795)
    at f.terminate (/opt/visual-studio-code/resources/app/out/vs/workbench/api/node/extensionHostProcess.js:154:8068)
    at s.terminate (/opt/visual-studio-code/resources/app/out/vs/workbench/api/node/extensionHostProcess.js:158:1513)
    at a (/opt/visual-studio-code/resources/app/out/vs/workbench/api/node/extensionHostProcess.js:171:9802)
    at MessagePortMain.<anonymous> (/opt/visual-studio-code/resources/app/out/vs/workbench/api/node/extensionHostProcess.js:171:6227)
    at MessagePortMain.emit (node:events:513:28)
    at Object.MessagePortMain._internalPort.emit (node:electron/js2c/utility_init:2:367) setContext undefined
2024-02-02 23:32:30.555 [error] Canceled: Canceled
    at new g (/opt/visual-studio-code/resources/app/out/vs/workbench/api/node/extensionHostProcess.js:141:110274)
    at l.U (/opt/visual-studio-code/resources/app/out/vs/workbench/api/node/extensionHostProcess.js:150:10866)
    at Proxy.P.<computed>.j.charCodeAt.P.<computed> (/opt/visual-studio-code/resources/app/out/vs/workbench/api/node/extensionHostProcess.js:150:8317)
    at d.g (/opt/visual-studio-code/resources/app/out/vs/workbench/api/node/extensionHostProcess.js:141:139555)
    at d.executeCommand (/opt/visual-studio-code/resources/app/out/vs/workbench/api/node/extensionHostProcess.js:141:138993)
    at p.registerCommand.description (/opt/visual-studio-code/resources/app/out/vs/workbench/api/node/extensionHostProcess.js:141:138317)
    at d.h (/opt/visual-studio-code/resources/app/out/vs/workbench/api/node/extensionHostProcess.js:141:140094)
    at d.g (/opt/visual-studio-code/resources/app/out/vs/workbench/api/node/extensionHostProcess.js:141:139086)
    at d.executeCommand (/opt/visual-studio-code/resources/app/out/vs/workbench/api/node/extensionHostProcess.js:141:138993)
    at Object.executeCommand (/opt/visual-studio-code/resources/app/out/vs/workbench/api/node/extensionHostProcess.js:158:21333)
    at w (/home/tjr/.vscode/extensions/eamodio.gitlens-14.7.0/dist/gitlens.js:1077:40655)
    at h (/home/tjr/.vscode/extensions/eamodio.gitlens-14.7.0/dist/gitlens.js:1077:45702)
    at ActionRunners._updateContextKeys (/home/tjr/.vscode/extensions/eamodio.gitlens-14.7.0/dist/gitlens.js:663:17573)
    at s (/home/tjr/.vscode/extensions/eamodio.gitlens-14.7.0/dist/gitlens.js:663:16017)
    at RegisteredActionRunner.unregister (/home/tjr/.vscode/extensions/eamodio.gitlens-14.7.0/dist/gitlens.js:663:16160)
    at RegisteredActionRunner.dispose (/home/tjr/.vscode/extensions/eamodio.gitlens-14.7.0/dist/gitlens.js:663:14813)
    at ActionRunners.dispose (/home/tjr/.vscode/extensions/eamodio.gitlens-14.7.0/dist/gitlens.js:663:15600)
    at /home/tjr/.vscode/extensions/eamodio.gitlens-14.7.0/dist/gitlens.js:1037:19287
    at Array.forEach (<anonymous>)
    at Object.dispose (/home/tjr/.vscode/extensions/eamodio.gitlens-14.7.0/dist/gitlens.js:1037:19269)
    at s (/opt/visual-studio-code/resources/app/out/vs/workbench/api/node/extensionHostProcess.js:30:754)
    at f.cb (/opt/visual-studio-code/resources/app/out/vs/workbench/api/node/extensionHostProcess.js:154:9873)
    at /opt/visual-studio-code/resources/app/out/vs/workbench/api/node/extensionHostProcess.js:154:7808
    at Array.map (<anonymous>)
    at f.Y (/opt/visual-studio-code/resources/app/out/vs/workbench/api/node/extensionHostProcess.js:154:7795)
    at f.terminate (/opt/visual-studio-code/resources/app/out/vs/workbench/api/node/extensionHostProcess.js:154:8068)
    at s.terminate (/opt/visual-studio-code/resources/app/out/vs/workbench/api/node/extensionHostProcess.js:158:1513)
    at a (/opt/visual-studio-code/resources/app/out/vs/workbench/api/node/extensionHostProcess.js:171:9802)
    at MessagePortMain.<anonymous> (/opt/visual-studio-code/resources/app/out/vs/workbench/api/node/extensionHostProcess.js:171:6227)
    at MessagePortMain.emit (node:events:513:28)
    at Object.MessagePortMain._internalPort.emit (node:electron/js2c/utility_init:2:367) setContext undefined
2024-02-02 23:32:30.558 [info] Extension host with pid 11836 exiting with code 0
