2024-02-02 23:26:26.657 [info] Reading sessions from keychain...
2024-02-02 23:26:26.657 [info] Getting sessions for all scopes...
2024-02-02 23:26:26.657 [info] Got 0 sessions for ...
2024-02-02 23:26:26.657 [info] Getting sessions for user:email...
2024-02-02 23:26:26.657 [info] Got 0 sessions for user:email...
2024-02-02 23:26:26.657 [info] Getting sessions for all scopes...
2024-02-02 23:26:26.657 [info] Got 0 sessions for ...
2024-02-02 23:26:30.238 [info] Getting sessions for all scopes...
2024-02-02 23:26:30.238 [info] Got 0 sessions for ...
2024-02-02 23:26:30.939 [info] Getting sessions for read:user...
2024-02-02 23:26:30.939 [info] Got 0 sessions for read:user...
2024-02-02 23:26:30.974 [info] Getting sessions for user:email...
2024-02-02 23:26:30.974 [info] Got 0 sessions for user:email...
2024-02-02 23:26:31.294 [info] Getting sessions for user:email...
2024-02-02 23:26:31.294 [info] Got 0 sessions for user:email...
2024-02-02 23:26:31.295 [info] Getting sessions for read:user...
2024-02-02 23:26:31.295 [info] Got 0 sessions for read:user...
2024-02-02 23:27:13.486 [info] Reading sessions from keychain...
2024-02-02 23:27:13.486 [info] Getting sessions for all scopes...
2024-02-02 23:27:13.486 [info] Got 0 sessions for ...
2024-02-02 23:27:13.487 [info] Getting sessions for user:email...
2024-02-02 23:27:13.487 [info] Got 0 sessions for user:email...
2024-02-02 23:27:13.538 [info] Getting sessions for all scopes...
2024-02-02 23:27:13.538 [info] Got 0 sessions for ...
2024-02-02 23:27:13.743 [info] Getting sessions for all scopes...
2024-02-02 23:27:13.743 [info] Got 0 sessions for ...
2024-02-02 23:27:19.379 [info] Getting sessions for read:user...
2024-02-02 23:27:19.380 [info] Got 0 sessions for read:user...
2024-02-02 23:27:19.406 [info] Getting sessions for user:email...
2024-02-02 23:27:19.406 [info] Got 0 sessions for user:email...
2024-02-02 23:27:19.783 [info] Getting sessions for user:email...
2024-02-02 23:27:19.784 [info] Got 0 sessions for user:email...
2024-02-02 23:27:19.786 [info] Getting sessions for read:user...
2024-02-02 23:27:19.786 [info] Got 0 sessions for read:user...
