2024-02-04 23:20:17.260 [info] Added views:workbench.panel.output in workbench.panel.output
2024-02-04 23:20:17.260 [info] Added views:terminal in terminal
2024-02-04 23:20:17.260 [info] Added views:workbench.panel.markers.view in terminal
2024-02-04 23:20:17.260 [info] Added views:outline in workbench.view.explorer
2024-02-04 23:20:17.260 [info] Added views:workbench.scm in workbench.view.scm
2024-02-04 23:20:17.260 [info] Added views:workbench.view.search in workbench.view.search
2024-02-04 23:20:17.260 [info] Added views:timeline in workbench.view.explorer
2024-02-04 23:20:17.260 [info] Added views:workbench.explorer.fileView in workbench.view.explorer
2024-02-04 23:20:17.380 [info] Added views:workbench.debug.welcome in workbench.view.debug
2024-02-04 23:20:17.526 [info] Added views:gitlens.views.home,gitlens.views.drafts,gitlens.views.workspaces,gitlens.views.account in workbench.view.extension.gitlens
2024-02-04 23:20:17.527 [info] Added views:gitlens.views.commitDetails,gitlens.views.lineHistory,gitlens.views.fileHistory,gitlens.views.searchAndCompare in workbench.view.extension.gitlensInspect
2024-02-04 23:20:17.527 [info] Added views:gitlens.views.commits,gitlens.views.branches,gitlens.views.remotes,gitlens.views.stashes,gitlens.views.tags in workbench.view.scm
2024-02-04 23:20:17.527 [info] Added views:dockerContainers,dockerImages,dockerRegistries,dockerNetworks,dockerVolumes,vscode-docker.views.dockerContexts,vscode-docker.views.help in workbench.view.extension.dockerView
2024-02-04 23:20:17.595 [info] Added views:~remote.forwardedPorts in ~remote.forwardedPortsContainer
2024-02-04 23:20:20.685 [info] Added views:workbench.panel.repl.view in workbench.panel.repl
2024-02-04 23:20:24.808 [info] Removed views:gitlens.views.searchAndCompare,gitlens.views.fileHistory,gitlens.views.lineHistory,gitlens.views.commitDetails from workbench.view.extension.gitlensInspect
2024-02-04 23:20:24.808 [info] Removed views:gitlens.views.tags,gitlens.views.stashes,gitlens.views.remotes,gitlens.views.branches,gitlens.views.commits from workbench.view.scm
2024-02-04 23:20:25.274 [info] Added views:gitlens.views.commitDetails,gitlens.views.lineHistory,gitlens.views.fileHistory,gitlens.views.searchAndCompare in workbench.view.extension.gitlensInspect
2024-02-04 23:20:25.275 [info] Added views:gitlens.views.commits,gitlens.views.branches,gitlens.views.remotes,gitlens.views.stashes,gitlens.views.tags in workbench.view.scm
2024-02-04 23:20:26.529 [info] Added views:gitlens.views.graph,gitlens.views.graphDetails in workbench.view.extension.gitlensPanel
2024-02-04 23:20:26.529 [info] Added views:gitlens.views.timeline in workbench.view.extension.gitlensInspect
2024-02-04 23:20:26.531 [info] Added views:gitlens.views.worktrees in workbench.view.scm
